[Sandcastle Help File Builder GUI, version 1.6.0.4]
Build started at 1/31/2008 6:23:28 PM

Finding tools...
Found Sandcastle in 'C:\Program Files\Sandcastle\'
Found HTML 1.x help compiler in 'C:\Program Files\HTML Help Workshop\'
Validating documentation assembly information...
-------------------------------
Generating shared content files (en-US, English (United States))...
    Last step completed in 00:00:00.3125
-------------------------------
Copying documentation assembly dependencies...
No dependencies to copy
    Last step completed in 00:00:00.0156
-------------------------------
Generating API filter for MRefBuilder...
    Last step completed in 00:00:00.0000
-------------------------------
Generating reflection information...
[D:\Dierenasiel1\OpdrachtDierenasiel1\Help\Working\GenerateRefInfo.bat]
MrefBuilder (v2.4.10111.0)
Copyright c Microsoft 2006
Info: Loaded 1 assemblies for reflection and 0 dependency assemblies.
Info: Wrote information on 1 namespaces, 4 types, and 11 members
    Last step completed in 00:00:02.0468
-------------------------------
Removing duplicate topics from reflection information file
    0 duplicate topics removed
    Last step completed in 00:00:00.0000
-------------------------------
Generating namespace summary information...
    Warning: Missing namespace summary documentation for N:OpdrachtDierenasiel1
    Last step completed in 00:00:00.0312
-------------------------------
Applying visibility properties to reflection information file
    0 attribute nodes removed
    0 explicit interface implementations removed
    5 local and base class EII elements removed
    Last step completed in 00:00:00.0625
-------------------------------
Transforming reflection output...
[D:\Dierenasiel1\OpdrachtDierenasiel1\Help\Working\TransformManifest.bat]
XslTransform (v2.4.10111.0)
Copyright c Microsoft 2005-2006
Info: Applying XSL transformation 'C:\Program Files\Sandcastle\ProductionTransforms\ApplyVSDocModel.xsl'.
Info: Applying XSL transformation 'C:\Program Files\Sandcastle\ProductionTransforms\AddGuidFilenames.xsl'.
XslTransform (v2.4.10111.0)
Copyright c Microsoft 2005-2006
Info: Applying XSL transformation 'C:\Program Files\Sandcastle\ProductionTransforms\ReflectionToManifest.xsl'.
    Last step completed in 00:00:03.9841
-------------------------------
Modifying help topic filenames in reflection information file
No changes required
    Last step completed in 00:00:00.0000
-------------------------------
Copying standard help content...
C:\Program Files\Sandcastle\Presentation\vs2005\icons\adm.gif -> D:\Dierenasiel1\OpdrachtDierenasiel1\Help\Working\Output\icons\adm.gif
C:\Program Files\Sandcastle\Presentation\vs2005\icons\adm_arch.gif -> D:\Dierenasiel1\OpdrachtDierenasiel1\Help\Working\Output\icons\adm_arch.gif
C:\Program Files\Sandcastle\Presentation\vs2005\icons\adm_dev.gif -> D:\Dierenasiel1\OpdrachtDierenasiel1\Help\Working\Output\icons\adm_dev.gif
C:\Program Files\Sandcastle\Presentation\vs2005\icons\adm_dev_arch.gif -> D:\Dierenasiel1\OpdrachtDierenasiel1\Help\Working\Output\icons\adm_dev_arch.gif
C:\Program Files\Sandcastle\Presentation\vs2005\icons\alert_caution.gif -> D:\Dierenasiel1\OpdrachtDierenasiel1\Help\Working\Output\icons\alert_caution.gif
C:\Program Files\Sandcastle\Presentation\vs2005\icons\alert_note.gif -> D:\Dierenasiel1\OpdrachtDierenasiel1\Help\Working\Output\icons\alert_note.gif
C:\Program Files\Sandcastle\Presentation\vs2005\icons\alert_security.gif -> D:\Dierenasiel1\OpdrachtDierenasiel1\Help\Working\Output\icons\alert_security.gif
C:\Program Files\Sandcastle\Presentation\vs2005\icons\arch.gif -> D:\Dierenasiel1\OpdrachtDierenasiel1\Help\Working\Output\icons\arch.gif
C:\Program Files\Sandcastle\Presentation\vs2005\icons\big_adm.gif -> D:\Dierenasiel1\OpdrachtDierenasiel1\Help\Working\Output\icons\big_adm.gif
C:\Program Files\Sandcastle\Presentation\vs2005\icons\big_arch.gif -> D:\Dierenasiel1\OpdrachtDierenasiel1\Help\Working\Output\icons\big_arch.gif
C:\Program Files\Sandcastle\Presentation\vs2005\icons\big_dev.gif -> D:\Dierenasiel1\OpdrachtDierenasiel1\Help\Working\Output\icons\big_dev.gif
C:\Program Files\Sandcastle\Presentation\vs2005\icons\big_kw.gif -> D:\Dierenasiel1\OpdrachtDierenasiel1\Help\Working\Output\icons\big_kw.gif
C:\Program Files\Sandcastle\Presentation\vs2005\icons\box.gif -> D:\Dierenasiel1\OpdrachtDierenasiel1\Help\Working\Output\icons\box.gif
C:\Program Files\Sandcastle\Presentation\vs2005\icons\Caution.gif -> D:\Dierenasiel1\OpdrachtDierenasiel1\Help\Working\Output\icons\Caution.gif
C:\Program Files\Sandcastle\Presentation\vs2005\icons\CFW.gif -> D:\Dierenasiel1\OpdrachtDierenasiel1\Help\Working\Output\icons\CFW.gif
C:\Program Files\Sandcastle\Presentation\vs2005\icons\collall.gif -> D:\Dierenasiel1\OpdrachtDierenasiel1\Help\Working\Output\icons\collall.gif
C:\Program Files\Sandcastle\Presentation\vs2005\icons\collapse.gif -> D:\Dierenasiel1\OpdrachtDierenasiel1\Help\Working\Output\icons\collapse.gif
C:\Program Files\Sandcastle\Presentation\vs2005\icons\collapse_all.gif -> D:\Dierenasiel1\OpdrachtDierenasiel1\Help\Working\Output\icons\collapse_all.gif
C:\Program Files\Sandcastle\Presentation\vs2005\icons\copycode.gif -> D:\Dierenasiel1\OpdrachtDierenasiel1\Help\Working\Output\icons\copycode.gif
C:\Program Files\Sandcastle\Presentation\vs2005\icons\copycodeHighlight.gif -> D:\Dierenasiel1\OpdrachtDierenasiel1\Help\Working\Output\icons\copycodeHighlight.gif
C:\Program Files\Sandcastle\Presentation\vs2005\icons\dev.gif -> D:\Dierenasiel1\OpdrachtDierenasiel1\Help\Working\Output\icons\dev.gif
C:\Program Files\Sandcastle\Presentation\vs2005\icons\dev_arch.gif -> D:\Dierenasiel1\OpdrachtDierenasiel1\Help\Working\Output\icons\dev_arch.gif
C:\Program Files\Sandcastle\Presentation\vs2005\icons\dropdown.gif -> D:\Dierenasiel1\OpdrachtDierenasiel1\Help\Working\Output\icons\dropdown.gif
C:\Program Files\Sandcastle\Presentation\vs2005\icons\dropdownHover.gif -> D:\Dierenasiel1\OpdrachtDierenasiel1\Help\Working\Output\icons\dropdownHover.gif
C:\Program Files\Sandcastle\Presentation\vs2005\icons\drpdown.gif -> D:\Dierenasiel1\OpdrachtDierenasiel1\Help\Working\Output\icons\drpdown.gif
C:\Program Files\Sandcastle\Presentation\vs2005\icons\drpdown_orange.gif -> D:\Dierenasiel1\OpdrachtDierenasiel1\Help\Working\Output\icons\drpdown_orange.gif
C:\Program Files\Sandcastle\Presentation\vs2005\icons\drpdown_orange_up.gif -> D:\Dierenasiel1\OpdrachtDierenasiel1\Help\Working\Output\icons\drpdown_orange_up.gif
C:\Program Files\Sandcastle\Presentation\vs2005\icons\drpup.gif -> D:\Dierenasiel1\OpdrachtDierenasiel1\Help\Working\Output\icons\drpup.gif
C:\Program Files\Sandcastle\Presentation\vs2005\icons\exp.gif -> D:\Dierenasiel1\OpdrachtDierenasiel1\Help\Working\Output\icons\exp.gif
C:\Program Files\Sandcastle\Presentation\vs2005\icons\expall.gif -> D:\Dierenasiel1\OpdrachtDierenasiel1\Help\Working\Output\icons\expall.gif
C:\Program Files\Sandcastle\Presentation\vs2005\icons\expand_all.gif -> D:\Dierenasiel1\OpdrachtDierenasiel1\Help\Working\Output\icons\expand_all.gif
C:\Program Files\Sandcastle\Presentation\vs2005\icons\filter1a.gif -> D:\Dierenasiel1\OpdrachtDierenasiel1\Help\Working\Output\icons\filter1a.gif
C:\Program Files\Sandcastle\Presentation\vs2005\icons\filter1c.gif -> D:\Dierenasiel1\OpdrachtDierenasiel1\Help\Working\Output\icons\filter1c.gif
C:\Program Files\Sandcastle\Presentation\vs2005\icons\footer.gif -> D:\Dierenasiel1\OpdrachtDierenasiel1\Help\Working\Output\icons\footer.gif
C:\Program Files\Sandcastle\Presentation\vs2005\icons\gradient.gif -> D:\Dierenasiel1\OpdrachtDierenasiel1\Help\Working\Output\icons\gradient.gif
C:\Program Files\Sandcastle\Presentation\vs2005\icons\greencheck.gif -> D:\Dierenasiel1\OpdrachtDierenasiel1\Help\Working\Output\icons\greencheck.gif
C:\Program Files\Sandcastle\Presentation\vs2005\icons\greychck.gif -> D:\Dierenasiel1\OpdrachtDierenasiel1\Help\Working\Output\icons\greychck.gif
C:\Program Files\Sandcastle\Presentation\vs2005\icons\header_prev_next.jpg -> D:\Dierenasiel1\OpdrachtDierenasiel1\Help\Working\Output\icons\header_prev_next.jpg
C:\Program Files\Sandcastle\Presentation\vs2005\icons\header_sql_tutorial_blank.jpg -> D:\Dierenasiel1\OpdrachtDierenasiel1\Help\Working\Output\icons\header_sql_tutorial_blank.jpg
C:\Program Files\Sandcastle\Presentation\vs2005\icons\header_sql_tutorial_logo.GIF -> D:\Dierenasiel1\OpdrachtDierenasiel1\Help\Working\Output\icons\header_sql_tutorial_logo.GIF
C:\Program Files\Sandcastle\Presentation\vs2005\icons\kw.gif -> D:\Dierenasiel1\OpdrachtDierenasiel1\Help\Working\Output\icons\kw.gif
C:\Program Files\Sandcastle\Presentation\vs2005\icons\kw_adm.gif -> D:\Dierenasiel1\OpdrachtDierenasiel1\Help\Working\Output\icons\kw_adm.gif
C:\Program Files\Sandcastle\Presentation\vs2005\icons\kw_adm_arch.gif -> D:\Dierenasiel1\OpdrachtDierenasiel1\Help\Working\Output\icons\kw_adm_arch.gif
C:\Program Files\Sandcastle\Presentation\vs2005\icons\kw_adm_dev.gif -> D:\Dierenasiel1\OpdrachtDierenasiel1\Help\Working\Output\icons\kw_adm_dev.gif
C:\Program Files\Sandcastle\Presentation\vs2005\icons\kw_adm_dev_arch.gif -> D:\Dierenasiel1\OpdrachtDierenasiel1\Help\Working\Output\icons\kw_adm_dev_arch.gif
C:\Program Files\Sandcastle\Presentation\vs2005\icons\kw_arch.gif -> D:\Dierenasiel1\OpdrachtDierenasiel1\Help\Working\Output\icons\kw_arch.gif
C:\Program Files\Sandcastle\Presentation\vs2005\icons\kw_dev.gif -> D:\Dierenasiel1\OpdrachtDierenasiel1\Help\Working\Output\icons\kw_dev.gif
C:\Program Files\Sandcastle\Presentation\vs2005\icons\kw_dev_arch.gif -> D:\Dierenasiel1\OpdrachtDierenasiel1\Help\Working\Output\icons\kw_dev_arch.gif
C:\Program Files\Sandcastle\Presentation\vs2005\icons\LastChild.gif -> D:\Dierenasiel1\OpdrachtDierenasiel1\Help\Working\Output\icons\LastChild.gif
C:\Program Files\Sandcastle\Presentation\vs2005\icons\load.gif -> D:\Dierenasiel1\OpdrachtDierenasiel1\Help\Working\Output\icons\load.gif
C:\Program Files\Sandcastle\Presentation\vs2005\icons\load_hover.gif -> D:\Dierenasiel1\OpdrachtDierenasiel1\Help\Working\Output\icons\load_hover.gif
C:\Program Files\Sandcastle\Presentation\vs2005\icons\note.gif -> D:\Dierenasiel1\OpdrachtDierenasiel1\Help\Working\Output\icons\note.gif
C:\Program Files\Sandcastle\Presentation\vs2005\icons\pencil.GIF -> D:\Dierenasiel1\OpdrachtDierenasiel1\Help\Working\Output\icons\pencil.GIF
C:\Program Files\Sandcastle\Presentation\vs2005\icons\privclass.gif -> D:\Dierenasiel1\OpdrachtDierenasiel1\Help\Working\Output\icons\privclass.gif
C:\Program Files\Sandcastle\Presentation\vs2005\icons\privdelegate.gif -> D:\Dierenasiel1\OpdrachtDierenasiel1\Help\Working\Output\icons\privdelegate.gif
C:\Program Files\Sandcastle\Presentation\vs2005\icons\privenum.gif -> D:\Dierenasiel1\OpdrachtDierenasiel1\Help\Working\Output\icons\privenum.gif
C:\Program Files\Sandcastle\Presentation\vs2005\icons\privenumeration.gif -> D:\Dierenasiel1\OpdrachtDierenasiel1\Help\Working\Output\icons\privenumeration.gif
C:\Program Files\Sandcastle\Presentation\vs2005\icons\privevent.gif -> D:\Dierenasiel1\OpdrachtDierenasiel1\Help\Working\Output\icons\privevent.gif
C:\Program Files\Sandcastle\Presentation\vs2005\icons\privextension.gif -> D:\Dierenasiel1\OpdrachtDierenasiel1\Help\Working\Output\icons\privextension.gif
C:\Program Files\Sandcastle\Presentation\vs2005\icons\privfield.gif -> D:\Dierenasiel1\OpdrachtDierenasiel1\Help\Working\Output\icons\privfield.gif
C:\Program Files\Sandcastle\Presentation\vs2005\icons\privinterface.gif -> D:\Dierenasiel1\OpdrachtDierenasiel1\Help\Working\Output\icons\privinterface.gif
C:\Program Files\Sandcastle\Presentation\vs2005\icons\privmethod.gif -> D:\Dierenasiel1\OpdrachtDierenasiel1\Help\Working\Output\icons\privmethod.gif
C:\Program Files\Sandcastle\Presentation\vs2005\icons\privproperty.gif -> D:\Dierenasiel1\OpdrachtDierenasiel1\Help\Working\Output\icons\privproperty.gif
C:\Program Files\Sandcastle\Presentation\vs2005\icons\privstructure.gif -> D:\Dierenasiel1\OpdrachtDierenasiel1\Help\Working\Output\icons\privstructure.gif
C:\Program Files\Sandcastle\Presentation\vs2005\icons\protclass.gif -> D:\Dierenasiel1\OpdrachtDierenasiel1\Help\Working\Output\icons\protclass.gif
C:\Program Files\Sandcastle\Presentation\vs2005\icons\protdelegate.gif -> D:\Dierenasiel1\OpdrachtDierenasiel1\Help\Working\Output\icons\protdelegate.gif
C:\Program Files\Sandcastle\Presentation\vs2005\icons\protenum.gif -> D:\Dierenasiel1\OpdrachtDierenasiel1\Help\Working\Output\icons\protenum.gif
C:\Program Files\Sandcastle\Presentation\vs2005\icons\protenumeration.gif -> D:\Dierenasiel1\OpdrachtDierenasiel1\Help\Working\Output\icons\protenumeration.gif
C:\Program Files\Sandcastle\Presentation\vs2005\icons\protevent.gif -> D:\Dierenasiel1\OpdrachtDierenasiel1\Help\Working\Output\icons\protevent.gif
C:\Program Files\Sandcastle\Presentation\vs2005\icons\protextension.gif -> D:\Dierenasiel1\OpdrachtDierenasiel1\Help\Working\Output\icons\protextension.gif
C:\Program Files\Sandcastle\Presentation\vs2005\icons\protfield.gif -> D:\Dierenasiel1\OpdrachtDierenasiel1\Help\Working\Output\icons\protfield.gif
C:\Program Files\Sandcastle\Presentation\vs2005\icons\protinterface.gif -> D:\Dierenasiel1\OpdrachtDierenasiel1\Help\Working\Output\icons\protinterface.gif
C:\Program Files\Sandcastle\Presentation\vs2005\icons\protmethod.gif -> D:\Dierenasiel1\OpdrachtDierenasiel1\Help\Working\Output\icons\protmethod.gif
C:\Program Files\Sandcastle\Presentation\vs2005\icons\protoperator.gif -> D:\Dierenasiel1\OpdrachtDierenasiel1\Help\Working\Output\icons\protoperator.gif
C:\Program Files\Sandcastle\Presentation\vs2005\icons\protproperty.gif -> D:\Dierenasiel1\OpdrachtDierenasiel1\Help\Working\Output\icons\protproperty.gif
C:\Program Files\Sandcastle\Presentation\vs2005\icons\protstructure.gif -> D:\Dierenasiel1\OpdrachtDierenasiel1\Help\Working\Output\icons\protstructure.gif
C:\Program Files\Sandcastle\Presentation\vs2005\icons\pubclass.gif -> D:\Dierenasiel1\OpdrachtDierenasiel1\Help\Working\Output\icons\pubclass.gif
C:\Program Files\Sandcastle\Presentation\vs2005\icons\pubdelegate.gif -> D:\Dierenasiel1\OpdrachtDierenasiel1\Help\Working\Output\icons\pubdelegate.gif
C:\Program Files\Sandcastle\Presentation\vs2005\icons\pubenum.gif -> D:\Dierenasiel1\OpdrachtDierenasiel1\Help\Working\Output\icons\pubenum.gif
C:\Program Files\Sandcastle\Presentation\vs2005\icons\pubenumeration.gif -> D:\Dierenasiel1\OpdrachtDierenasiel1\Help\Working\Output\icons\pubenumeration.gif
C:\Program Files\Sandcastle\Presentation\vs2005\icons\pubevent.gif -> D:\Dierenasiel1\OpdrachtDierenasiel1\Help\Working\Output\icons\pubevent.gif
C:\Program Files\Sandcastle\Presentation\vs2005\icons\pubextension.gif -> D:\Dierenasiel1\OpdrachtDierenasiel1\Help\Working\Output\icons\pubextension.gif
C:\Program Files\Sandcastle\Presentation\vs2005\icons\pubfield.gif -> D:\Dierenasiel1\OpdrachtDierenasiel1\Help\Working\Output\icons\pubfield.gif
C:\Program Files\Sandcastle\Presentation\vs2005\icons\pubinterface.gif -> D:\Dierenasiel1\OpdrachtDierenasiel1\Help\Working\Output\icons\pubinterface.gif
C:\Program Files\Sandcastle\Presentation\vs2005\icons\pubmethod.gif -> D:\Dierenasiel1\OpdrachtDierenasiel1\Help\Working\Output\icons\pubmethod.gif
C:\Program Files\Sandcastle\Presentation\vs2005\icons\puboperator.gif -> D:\Dierenasiel1\OpdrachtDierenasiel1\Help\Working\Output\icons\puboperator.gif
C:\Program Files\Sandcastle\Presentation\vs2005\icons\pubproperty.gif -> D:\Dierenasiel1\OpdrachtDierenasiel1\Help\Working\Output\icons\pubproperty.gif
C:\Program Files\Sandcastle\Presentation\vs2005\icons\pubstructure.gif -> D:\Dierenasiel1\OpdrachtDierenasiel1\Help\Working\Output\icons\pubstructure.gif
C:\Program Files\Sandcastle\Presentation\vs2005\icons\requirements1a.gif -> D:\Dierenasiel1\OpdrachtDierenasiel1\Help\Working\Output\icons\requirements1a.gif
C:\Program Files\Sandcastle\Presentation\vs2005\icons\requirements1c.gif -> D:\Dierenasiel1\OpdrachtDierenasiel1\Help\Working\Output\icons\requirements1c.gif
C:\Program Files\Sandcastle\Presentation\vs2005\icons\save.gif -> D:\Dierenasiel1\OpdrachtDierenasiel1\Help\Working\Output\icons\save.gif
C:\Program Files\Sandcastle\Presentation\vs2005\icons\save_hover.gif -> D:\Dierenasiel1\OpdrachtDierenasiel1\Help\Working\Output\icons\save_hover.gif
C:\Program Files\Sandcastle\Presentation\vs2005\icons\security.gif -> D:\Dierenasiel1\OpdrachtDierenasiel1\Help\Working\Output\icons\security.gif
C:\Program Files\Sandcastle\Presentation\vs2005\icons\seealso1a.gif -> D:\Dierenasiel1\OpdrachtDierenasiel1\Help\Working\Output\icons\seealso1a.gif
C:\Program Files\Sandcastle\Presentation\vs2005\icons\seealso1c.gif -> D:\Dierenasiel1\OpdrachtDierenasiel1\Help\Working\Output\icons\seealso1c.gif
C:\Program Files\Sandcastle\Presentation\vs2005\icons\static.gif -> D:\Dierenasiel1\OpdrachtDierenasiel1\Help\Working\Output\icons\static.gif
C:\Program Files\Sandcastle\Presentation\vs2005\icons\xna.gif -> D:\Dierenasiel1\OpdrachtDierenasiel1\Help\Working\Output\icons\xna.gif
C:\Program Files\Sandcastle\Presentation\vs2005\scripts\CheckboxMenu.js -> D:\Dierenasiel1\OpdrachtDierenasiel1\Help\Working\Output\scripts\CheckboxMenu.js
C:\Program Files\Sandcastle\Presentation\vs2005\scripts\CommonUtilities.js -> D:\Dierenasiel1\OpdrachtDierenasiel1\Help\Working\Output\scripts\CommonUtilities.js
C:\Program Files\Sandcastle\Presentation\vs2005\scripts\Dropdown.js -> D:\Dierenasiel1\OpdrachtDierenasiel1\Help\Working\Output\scripts\Dropdown.js
C:\Program Files\Sandcastle\Presentation\vs2005\scripts\EventUtilities.js -> D:\Dierenasiel1\OpdrachtDierenasiel1\Help\Working\Output\scripts\EventUtilities.js
C:\Program Files\Sandcastle\Presentation\vs2005\scripts\script_feedBack.js -> D:\Dierenasiel1\OpdrachtDierenasiel1\Help\Working\Output\scripts\script_feedBack.js
C:\Program Files\Sandcastle\Presentation\vs2005\scripts\script_manifold.js -> D:\Dierenasiel1\OpdrachtDierenasiel1\Help\Working\Output\scripts\script_manifold.js
C:\Program Files\Sandcastle\Presentation\vs2005\scripts\SplitScreen.js -> D:\Dierenasiel1\OpdrachtDierenasiel1\Help\Working\Output\scripts\SplitScreen.js
C:\Program Files\Sandcastle\Presentation\vs2005\styles\Presentation.css -> D:\Dierenasiel1\OpdrachtDierenasiel1\Help\Working\Output\styles\Presentation.css
C:\Program Files\Sandcastle\Presentation\vs2005\styles\Whidbey\presentation.css -> D:\Dierenasiel1\OpdrachtDierenasiel1\Help\Working\Output\styles\Whidbey\presentation.css
    Last step completed in 00:00:01.0468

Copying additional content files...
No additional content to copy
    Last step completed in 00:00:00.0469
-------------------------------
Creating Sandcastle configuration file...
    Last step completed in 00:00:00.0312
-------------------------------
Merging custom build component configurations
    No component configurations to merge
    Last step completed in 00:00:00.0156
-------------------------------
Building help topics...
[D:\Dierenasiel1\OpdrachtDierenasiel1\Help\Working\BuildHelpTopics.bat]
BuildAssembler (v2.4.10111.0)
Copyright c Microsoft 2006
Info: CopyFromFileComponent: Instantiating component.
Info: CopyFromFileComponent: Loading data file 'C:\Program Files\Sandcastle\Presentation\vs2005\Transforms\skeleton.xml'.
Info: CopyFromIndexComponent: Instantiating component.
Info: CopyFromIndexComponent: Searching for files that match '*.xml'.
Info: CopyFromIndexComponent: Searching for files that match 'reflection.xml'.
Info: CopyFromIndexComponent: Indexed 170135 elements in 107 files.
Info: CopyFromIndexComponent: Instantiating component.
Info: ForEachComponent: Instantiating component.
Info: ForEachComponent: Loading subcomponents.
Info: CopyFromIndexComponent: Instantiating component.
Info: ForEachComponent: Loaded 1 subcomponents.
Info: ForEachComponent: Instantiating component.
Info: ForEachComponent: Loading subcomponents.
Info: CopyFromIndexComponent: Instantiating component.
Info: ForEachComponent: Loaded 1 subcomponents.
Info: ForEachComponent: Instantiating component.
Info: ForEachComponent: Loading subcomponents.
Info: CopyFromIndexComponent: Instantiating component.
Info: ForEachComponent: Loaded 1 subcomponents.
Info: IfThenComponent: Instantiating component.
Info: SyntaxComponent: Instantiating component.
Info: SyntaxComponent: Loaded 3 syntax generators.
Info: CopyFromIndexComponent: Instantiating component.
Info: CopyFromIndexComponent: Searching for files that match '*.xml'.
Warn: CopyFromIndexComponent: Entries for the key 'N:System.Data.SqlClient' occur in both 'C:\WINDOWS\Microsoft.NET\Framework\v2.0.50727\System.Data.SqlClient.xml' and 'C:\WINDOWS\Microsoft.NET\Framework\v2.0.50727\System.Data.xml'. The last entry will be used.
Warn: CopyFromIndexComponent: Entries for the key 'T:System.Data.SqlClient.SqlCommand' occur in both 'C:\WINDOWS\Microsoft.NET\Framework\v2.0.50727\System.Data.SqlClient.xml' and 'C:\WINDOWS\Microsoft.NET\Framework\v2.0.50727\System.Data.xml'. The last entry will be used.
Warn: CopyFromIndexComponent: Entries for the key 'M:System.Data.SqlClient.SqlCommand.#ctor' occur in both 'C:\WINDOWS\Microsoft.NET\Framework\v2.0.50727\System.Data.SqlClient.xml' and 'C:\WINDOWS\Microsoft.NET\Framework\v2.0.50727\System.Data.xml'. The last entry will be used.
Warn: CopyFromIndexComponent: Entries for the key 'M:System.Data.SqlClient.SqlCommand.#ctor(System.String)' occur in both 'C:\WINDOWS\Microsoft.NET\Framework\v2.0.50727\System.Data.SqlClient.xml' and 'C:\WINDOWS\Microsoft.NET\Framework\v2.0.50727\System.Data.xml'. The last entry will be used.
Warn: CopyFromIndexComponent: Entries for the key 'M:System.Data.SqlClient.SqlCommand.#ctor(System.String,System.Data.SqlClient.SqlConnection)' occur in both 'C:\WINDOWS\Microsoft.NET\Framework\v2.0.50727\System.Data.SqlClient.xml' and 'C:\WINDOWS\Microsoft.NET\Framework\v2.0.50727\System.Data.xml'. The last entry will be used.
Warn: CopyFromIndexComponent: Entries for the key 'M:System.Data.SqlClient.SqlCommand.#ctor(System.String,System.Data.SqlClient.SqlConnection,System.Data.SqlClient.SqlTransaction)' occur in both 'C:\WINDOWS\Microsoft.NET\Framework\v2.0.50727\System.Data.SqlClient.xml' and 'C:\WINDOWS\Microsoft.NET\Framework\v2.0.50727\System.Data.xml'. The last entry will be used.
Warn: CopyFromIndexComponent: Entries for the key 'M:System.Data.SqlClient.SqlCommand.Cancel' occur in both 'C:\WINDOWS\Microsoft.NET\Framework\v2.0.50727\System.Data.SqlClient.xml' and 'C:\WINDOWS\Microsoft.NET\Framework\v2.0.50727\System.Data.xml'. The last entry will be used.
Warn: CopyFromIndexComponent: Entries for the key 'M:System.Data.SqlClient.SqlCommand.CreateParameter' occur in both 'C:\WINDOWS\Microsoft.NET\Framework\v2.0.50727\System.Data.SqlClient.xml' and 'C:\WINDOWS\Microsoft.NET\Framework\v2.0.50727\System.Data.xml'. The last entry will be used.
Warn: CopyFromIndexComponent: Entries for the key 'M:System.Data.SqlClient.SqlCommand.ExecuteNonQuery' occur in both 'C:\WINDOWS\Microsoft.NET\Framework\v2.0.50727\System.Data.SqlClient.xml' and 'C:\WINDOWS\Microsoft.NET\Framework\v2.0.50727\System.Data.xml'. The last entry will be used.
Warn: CopyFromIndexComponent: Entries for the key 'M:System.Data.SqlClient.SqlCommand.ExecuteReader' occur in both 'C:\WINDOWS\Microsoft.NET\Framework\v2.0.50727\System.Data.SqlClient.xml' and 'C:\WINDOWS\Microsoft.NET\Framework\v2.0.50727\System.Data.xml'. The last entry will be used.
Warn: CopyFromIndexComponent: Entries for the key 'M:System.Data.SqlClient.SqlCommand.ExecuteReader(System.Data.CommandBehavior)' occur in both 'C:\WINDOWS\Microsoft.NET\Framework\v2.0.50727\System.Data.SqlClient.xml' and 'C:\WINDOWS\Microsoft.NET\Framework\v2.0.50727\System.Data.xml'. The last entry will be used.
Warn: CopyFromIndexComponent: Entries for the key 'M:System.Data.SqlClient.SqlCommand.ExecuteScalar' occur in both 'C:\WINDOWS\Microsoft.NET\Framework\v2.0.50727\System.Data.SqlClient.xml' and 'C:\WINDOWS\Microsoft.NET\Framework\v2.0.50727\System.Data.xml'. The last entry will be used.
Warn: CopyFromIndexComponent: Entries for the key 'M:System.Data.SqlClient.SqlCommand.ExecuteXmlReader' occur in both 'C:\WINDOWS\Microsoft.NET\Framework\v2.0.50727\System.Data.SqlClient.xml' and 'C:\WINDOWS\Microsoft.NET\Framework\v2.0.50727\System.Data.xml'. The last entry will be used.
Warn: CopyFromIndexComponent: Entries for the key 'M:System.Data.SqlClient.SqlCommand.Prepare' occur in both 'C:\WINDOWS\Microsoft.NET\Framework\v2.0.50727\System.Data.SqlClient.xml' and 'C:\WINDOWS\Microsoft.NET\Framework\v2.0.50727\System.Data.xml'. The last entry will be used.
Warn: CopyFromIndexComponent: Entries for the key 'M:System.Data.SqlClient.SqlCommand.ResetCommandTimeout' occur in both 'C:\WINDOWS\Microsoft.NET\Framework\v2.0.50727\System.Data.SqlClient.xml' and 'C:\WINDOWS\Microsoft.NET\Framework\v2.0.50727\System.Data.xml'. The last entry will be used.
Warn: CopyFromIndexComponent: Entries for the key 'P:System.Data.SqlClient.SqlCommand.CommandText' occur in both 'C:\WINDOWS\Microsoft.NET\Framework\v2.0.50727\System.Data.SqlClient.xml' and 'C:\WINDOWS\Microsoft.NET\Framework\v2.0.50727\System.Data.xml'. The last entry will be used.
Warn: CopyFromIndexComponent: Entries for the key 'P:System.Data.SqlClient.SqlCommand.CommandTimeout' occur in both 'C:\WINDOWS\Microsoft.NET\Framework\v2.0.50727\System.Data.SqlClient.xml' and 'C:\WINDOWS\Microsoft.NET\Framework\v2.0.50727\System.Data.xml'. The last entry will be used.
Warn: CopyFromIndexComponent: Entries for the key 'P:System.Data.SqlClient.SqlCommand.CommandType' occur in both 'C:\WINDOWS\Microsoft.NET\Framework\v2.0.50727\System.Data.SqlClient.xml' and 'C:\WINDOWS\Microsoft.NET\Framework\v2.0.50727\System.Data.xml'. The last entry will be used.
Warn: CopyFromIndexComponent: Entries for the key 'P:System.Data.SqlClient.SqlCommand.Connection' occur in both 'C:\WINDOWS\Microsoft.NET\Framework\v2.0.50727\System.Data.SqlClient.xml' and 'C:\WINDOWS\Microsoft.NET\Framework\v2.0.50727\System.Data.xml'. The last entry will be used.
Warn: CopyFromIndexComponent: Entries for the key 'P:System.Data.SqlClient.SqlCommand.Parameters' occur in both 'C:\WINDOWS\Microsoft.NET\Framework\v2.0.50727\System.Data.SqlClient.xml' and 'C:\WINDOWS\Microsoft.NET\Framework\v2.0.50727\System.Data.xml'. The last entry will be used.
Warn: CopyFromIndexComponent: Entries for the key 'P:System.Data.SqlClient.SqlCommand.Transaction' occur in both 'C:\WINDOWS\Microsoft.NET\Framework\v2.0.50727\System.Data.SqlClient.xml' and 'C:\WINDOWS\Microsoft.NET\Framework\v2.0.50727\System.Data.xml'. The last entry will be used.
Warn: CopyFromIndexComponent: Entries for the key 'P:System.Data.SqlClient.SqlCommand.UpdatedRowSource' occur in both 'C:\WINDOWS\Microsoft.NET\Framework\v2.0.50727\System.Data.SqlClient.xml' and 'C:\WINDOWS\Microsoft.NET\Framework\v2.0.50727\System.Data.xml'. The last entry will be used.
Warn: CopyFromIndexComponent: Entries for the key 'T:System.Data.SqlClient.SqlCommandBuilder' occur in both 'C:\WINDOWS\Microsoft.NET\Framework\v2.0.50727\System.Data.SqlClient.xml' and 'C:\WINDOWS\Microsoft.NET\Framework\v2.0.50727\System.Data.xml'. The last entry will be used.
Warn: CopyFromIndexComponent: Entries for the key 'M:System.Data.SqlClient.SqlCommandBuilder.#ctor' occur in both 'C:\WINDOWS\Microsoft.NET\Framework\v2.0.50727\System.Data.SqlClient.xml' and 'C:\WINDOWS\Microsoft.NET\Framework\v2.0.50727\System.Data.xml'. The last entry will be used.
Warn: CopyFromIndexComponent: Entries for the key 'M:System.Data.SqlClient.SqlCommandBuilder.#ctor(System.Data.SqlClient.SqlDataAdapter)' occur in both 'C:\WINDOWS\Microsoft.NET\Framework\v2.0.50727\System.Data.SqlClient.xml' and 'C:\WINDOWS\Microsoft.NET\Framework\v2.0.50727\System.Data.xml'. The last entry will be used.
Warn: CopyFromIndexComponent: Entries for the key 'M:System.Data.SqlClient.SqlCommandBuilder.DeriveParameters(System.Data.SqlClient.SqlCommand)' occur in both 'C:\WINDOWS\Microsoft.NET\Framework\v2.0.50727\System.Data.SqlClient.xml' and 'C:\WINDOWS\Microsoft.NET\Framework\v2.0.50727\System.Data.xml'. The last entry will be used.
Warn: CopyFromIndexComponent: Entries for the key 'M:System.Data.SqlClient.SqlCommandBuilder.GetDeleteCommand' occur in both 'C:\WINDOWS\Microsoft.NET\Framework\v2.0.50727\System.Data.SqlClient.xml' and 'C:\WINDOWS\Microsoft.NET\Framework\v2.0.50727\System.Data.xml'. The last entry will be used.
Warn: CopyFromIndexComponent: Entries for the key 'M:System.Data.SqlClient.SqlCommandBuilder.GetInsertCommand' occur in both 'C:\WINDOWS\Microsoft.NET\Framework\v2.0.50727\System.Data.SqlClient.xml' and 'C:\WINDOWS\Microsoft.NET\Framework\v2.0.50727\System.Data.xml'. The last entry will be used.
Warn: CopyFromIndexComponent: Entries for the key 'M:System.Data.SqlClient.SqlCommandBuilder.GetUpdateCommand' occur in both 'C:\WINDOWS\Microsoft.NET\Framework\v2.0.50727\System.Data.SqlClient.xml' and 'C:\WINDOWS\Microsoft.NET\Framework\v2.0.50727\System.Data.xml'. The last entry will be used.
Warn: CopyFromIndexComponent: Entries for the key 'P:System.Data.SqlClient.SqlCommandBuilder.DataAdapter' occur in both 'C:\WINDOWS\Microsoft.NET\Framework\v2.0.50727\System.Data.SqlClient.xml' and 'C:\WINDOWS\Microsoft.NET\Framework\v2.0.50727\System.Data.xml'. The last entry will be used.
Warn: CopyFromIndexComponent: Entries for the key 'P:System.Data.SqlClient.SqlCommandBuilder.QuotePrefix' occur in both 'C:\WINDOWS\Microsoft.NET\Framework\v2.0.50727\System.Data.SqlClient.xml' and 'C:\WINDOWS\Microsoft.NET\Framework\v2.0.50727\System.Data.xml'. The last entry will be used.
Warn: CopyFromIndexComponent: Entries for the key 'P:System.Data.SqlClient.SqlCommandBuilder.QuoteSuffix' occur in both 'C:\WINDOWS\Microsoft.NET\Framework\v2.0.50727\System.Data.SqlClient.xml' and 'C:\WINDOWS\Microsoft.NET\Framework\v2.0.50727\System.Data.xml'. The last entry will be used.
Warn: CopyFromIndexComponent: Entries for the key 'T:System.Data.SqlClient.SqlConnection' occur in both 'C:\WINDOWS\Microsoft.NET\Framework\v2.0.50727\System.Data.SqlClient.xml' and 'C:\WINDOWS\Microsoft.NET\Framework\v2.0.50727\System.Data.xml'. The last entry will be used.
Warn: CopyFromIndexComponent: Entries for the key 'M:System.Data.SqlClient.SqlConnection.#ctor' occur in both 'C:\WINDOWS\Microsoft.NET\Framework\v2.0.50727\System.Data.SqlClient.xml' and 'C:\WINDOWS\Microsoft.NET\Framework\v2.0.50727\System.Data.xml'. The last entry will be used.
Warn: CopyFromIndexComponent: Entries for the key 'M:System.Data.SqlClient.SqlConnection.#ctor(System.String)' occur in both 'C:\WINDOWS\Microsoft.NET\Framework\v2.0.50727\System.Data.SqlClient.xml' and 'C:\WINDOWS\Microsoft.NET\Framework\v2.0.50727\System.Data.xml'. The last entry will be used.
Warn: CopyFromIndexComponent: Entries for the key 'E:System.Data.SqlClient.SqlConnection.InfoMessage' occur in both 'C:\WINDOWS\Microsoft.NET\Framework\v2.0.50727\System.Data.SqlClient.xml' and 'C:\WINDOWS\Microsoft.NET\Framework\v2.0.50727\System.Data.xml'. The last entry will be used.
Warn: CopyFromIndexComponent: Entries for the key 'M:System.Data.SqlClient.SqlConnection.BeginTransaction' occur in both 'C:\WINDOWS\Microsoft.NET\Framework\v2.0.50727\System.Data.SqlClient.xml' and 'C:\WINDOWS\Microsoft.NET\Framework\v2.0.50727\System.Data.xml'. The last entry will be used.
Warn: CopyFromIndexComponent: Entries for the key 'M:System.Data.SqlClient.SqlConnection.BeginTransaction(System.Data.IsolationLevel)' occur in both 'C:\WINDOWS\Microsoft.NET\Framework\v2.0.50727\System.Data.SqlClient.xml' and 'C:\WINDOWS\Microsoft.NET\Framework\v2.0.50727\System.Data.xml'. The last entry will be used.
Warn: CopyFromIndexComponent: Entries for the key 'M:System.Data.SqlClient.SqlConnection.BeginTransaction(System.String)' occur in both 'C:\WINDOWS\Microsoft.NET\Framework\v2.0.50727\System.Data.SqlClient.xml' and 'C:\WINDOWS\Microsoft.NET\Framework\v2.0.50727\System.Data.xml'. The last entry will be used.
Warn: CopyFromIndexComponent: Entries for the key 'M:System.Data.SqlClient.SqlConnection.BeginTransaction(System.Data.IsolationLevel,System.String)' occur in both 'C:\WINDOWS\Microsoft.NET\Framework\v2.0.50727\System.Data.SqlClient.xml' and 'C:\WINDOWS\Microsoft.NET\Framework\v2.0.50727\System.Data.xml'. The last entry will be used.
Warn: CopyFromIndexComponent: Entries for the key 'M:System.Data.SqlClient.SqlConnection.ChangeDatabase(System.String)' occur in both 'C:\WINDOWS\Microsoft.NET\Framework\v2.0.50727\System.Data.SqlClient.xml' and 'C:\WINDOWS\Microsoft.NET\Framework\v2.0.50727\System.Data.xml'. The last entry will be used.
Warn: CopyFromIndexComponent: Entries for the key 'M:System.Data.SqlClient.SqlConnection.Close' occur in both 'C:\WINDOWS\Microsoft.NET\Framework\v2.0.50727\System.Data.SqlClient.xml' and 'C:\WINDOWS\Microsoft.NET\Framework\v2.0.50727\System.Data.xml'. The last entry will be used.
Warn: CopyFromIndexComponent: Entries for the key 'M:System.Data.SqlClient.SqlConnection.CreateCommand' occur in both 'C:\WINDOWS\Microsoft.NET\Framework\v2.0.50727\System.Data.SqlClient.xml' and 'C:\WINDOWS\Microsoft.NET\Framework\v2.0.50727\System.Data.xml'. The last entry will be used.
Warn: CopyFromIndexComponent: Entries for the key 'M:System.Data.SqlClient.SqlConnection.Open' occur in both 'C:\WINDOWS\Microsoft.NET\Framework\v2.0.50727\System.Data.SqlClient.xml' and 'C:\WINDOWS\Microsoft.NET\Framework\v2.0.50727\System.Data.xml'. The last entry will be used.
Warn: CopyFromIndexComponent: Entries for the key 'M:System.Data.SqlClient.SqlConnection.System.ICloneable.Clone' occur in both 'C:\WINDOWS\Microsoft.NET\Framework\v2.0.50727\System.Data.SqlClient.xml' and 'C:\WINDOWS\Microsoft.NET\Framework\v2.0.50727\System.Data.xml'. The last entry will be used.
Warn: CopyFromIndexComponent: Entries for the key 'P:System.Data.SqlClient.SqlConnection.ConnectionString' occur in both 'C:\WINDOWS\Microsoft.NET\Framework\v2.0.50727\System.Data.SqlClient.xml' and 'C:\WINDOWS\Microsoft.NET\Framework\v2.0.50727\System.Data.xml'. The last entry will be used.
Warn: CopyFromIndexComponent: Entries for the key 'P:System.Data.SqlClient.SqlConnection.ConnectionTimeout' occur in both 'C:\WINDOWS\Microsoft.NET\Framework\v2.0.50727\System.Data.SqlClient.xml' and 'C:\WINDOWS\Microsoft.NET\Framework\v2.0.50727\System.Data.xml'. The last entry will be used.
Warn: CopyFromIndexComponent: Entries for the key 'P:System.Data.SqlClient.SqlConnection.Database' occur in both 'C:\WINDOWS\Microsoft.NET\Framework\v2.0.50727\System.Data.SqlClient.xml' and 'C:\WINDOWS\Microsoft.NET\Framework\v2.0.50727\System.Data.xml'. The last entry will be used.
Warn: CopyFromIndexComponent: Entries for the key 'P:System.Data.SqlClient.SqlConnection.DataSource' occur in both 'C:\WINDOWS\Microsoft.NET\Framework\v2.0.50727\System.Data.SqlClient.xml' and 'C:\WINDOWS\Microsoft.NET\Framework\v2.0.50727\System.Data.xml'. The last entry will be used.
Warn: CopyFromIndexComponent: Entries for the key 'P:System.Data.SqlClient.SqlConnection.PacketSize' occur in both 'C:\WINDOWS\Microsoft.NET\Framework\v2.0.50727\System.Data.SqlClient.xml' and 'C:\WINDOWS\Microsoft.NET\Framework\v2.0.50727\System.Data.xml'. The last entry will be used.
Warn: CopyFromIndexComponent: Entries for the key 'P:System.Data.SqlClient.SqlConnection.ServerVersion' occur in both 'C:\WINDOWS\Microsoft.NET\Framework\v2.0.50727\System.Data.SqlClient.xml' and 'C:\WINDOWS\Microsoft.NET\Framework\v2.0.50727\System.Data.xml'. The last entry will be used.
Warn: CopyFromIndexComponent: Entries for the key 'P:System.Data.SqlClient.SqlConnection.State' occur in both 'C:\WINDOWS\Microsoft.NET\Framework\v2.0.50727\System.Data.SqlClient.xml' and 'C:\WINDOWS\Microsoft.NET\Framework\v2.0.50727\System.Data.xml'. The last entry will be used.
Warn: CopyFromIndexComponent: Entries for the key 'P:System.Data.SqlClient.SqlConnection.WorkstationId' occur in both 'C:\WINDOWS\Microsoft.NET\Framework\v2.0.50727\System.Data.SqlClient.xml' and 'C:\WINDOWS\Microsoft.NET\Framework\v2.0.50727\System.Data.xml'. The last entry will be used.
Warn: CopyFromIndexComponent: Entries for the key 'T:System.Data.SqlClient.SqlDataAdapter' occur in both 'C:\WINDOWS\Microsoft.NET\Framework\v2.0.50727\System.Data.SqlClient.xml' and 'C:\WINDOWS\Microsoft.NET\Framework\v2.0.50727\System.Data.xml'. The last entry will be used.
Warn: CopyFromIndexComponent: Entries for the key 'M:System.Data.SqlClient.SqlDataAdapter.#ctor' occur in both 'C:\WINDOWS\Microsoft.NET\Framework\v2.0.50727\System.Data.SqlClient.xml' and 'C:\WINDOWS\Microsoft.NET\Framework\v2.0.50727\System.Data.xml'. The last entry will be used.
Warn: CopyFromIndexComponent: Entries for the key 'M:System.Data.SqlClient.SqlDataAdapter.#ctor(System.Data.SqlClient.SqlCommand)' occur in both 'C:\WINDOWS\Microsoft.NET\Framework\v2.0.50727\System.Data.SqlClient.xml' and 'C:\WINDOWS\Microsoft.NET\Framework\v2.0.50727\System.Data.xml'. The last entry will be used.
Warn: CopyFromIndexComponent: Entries for the key 'M:System.Data.SqlClient.SqlDataAdapter.#ctor(System.String,System.Data.SqlClient.SqlConnection)' occur in both 'C:\WINDOWS\Microsoft.NET\Framework\v2.0.50727\System.Data.SqlClient.xml' and 'C:\WINDOWS\Microsoft.NET\Framework\v2.0.50727\System.Data.xml'. The last entry will be used.
Warn: CopyFromIndexComponent: Entries for the key 'M:System.Data.SqlClient.SqlDataAdapter.#ctor(System.String,System.String)' occur in both 'C:\WINDOWS\Microsoft.NET\Framework\v2.0.50727\System.Data.SqlClient.xml' and 'C:\WINDOWS\Microsoft.NET\Framework\v2.0.50727\System.Data.xml'. The last entry will be used.
Warn: CopyFromIndexComponent: Entries for the key 'E:System.Data.SqlClient.SqlDataAdapter.RowUpdated' occur in both 'C:\WINDOWS\Microsoft.NET\Framework\v2.0.50727\System.Data.SqlClient.xml' and 'C:\WINDOWS\Microsoft.NET\Framework\v2.0.50727\System.Data.xml'. The last entry will be used.
Warn: CopyFromIndexComponent: Entries for the key 'E:System.Data.SqlClient.SqlDataAdapter.RowUpdating' occur in both 'C:\WINDOWS\Microsoft.NET\Framework\v2.0.50727\System.Data.SqlClient.xml' and 'C:\WINDOWS\Microsoft.NET\Framework\v2.0.50727\System.Data.xml'. The last entry will be used.
Warn: CopyFromIndexComponent: Entries for the key 'P:System.Data.SqlClient.SqlDataAdapter.DeleteCommand' occur in both 'C:\WINDOWS\Microsoft.NET\Framework\v2.0.50727\System.Data.SqlClient.xml' and 'C:\WINDOWS\Microsoft.NET\Framework\v2.0.50727\System.Data.xml'. The last entry will be used.
Warn: CopyFromIndexComponent: Entries for the key 'P:System.Data.SqlClient.SqlDataAdapter.InsertCommand' occur in both 'C:\WINDOWS\Microsoft.NET\Framework\v2.0.50727\System.Data.SqlClient.xml' and 'C:\WINDOWS\Microsoft.NET\Framework\v2.0.50727\System.Data.xml'. The last entry will be used.
Warn: CopyFromIndexComponent: Entries for the key 'P:System.Data.SqlClient.SqlDataAdapter.SelectCommand' occur in both 'C:\WINDOWS\Microsoft.NET\Framework\v2.0.50727\System.Data.SqlClient.xml' and 'C:\WINDOWS\Microsoft.NET\Framework\v2.0.50727\System.Data.xml'. The last entry will be used.
Warn: CopyFromIndexComponent: Entries for the key 'P:System.Data.SqlClient.SqlDataAdapter.System.Data.IDbDataAdapter.DeleteCommand' occur in both 'C:\WINDOWS\Microsoft.NET\Framework\v2.0.50727\System.Data.SqlClient.xml' and 'C:\WINDOWS\Microsoft.NET\Framework\v2.0.50727\System.Data.xml'. The last entry will be used.
Warn: CopyFromIndexComponent: Entries for the key 'P:System.Data.SqlClient.SqlDataAdapter.System.Data.IDbDataAdapter.InsertCommand' occur in both 'C:\WINDOWS\Microsoft.NET\Framework\v2.0.50727\System.Data.SqlClient.xml' and 'C:\WINDOWS\Microsoft.NET\Framework\v2.0.50727\System.Data.xml'. The last entry will be used.
Warn: CopyFromIndexComponent: Entries for the key 'P:System.Data.SqlClient.SqlDataAdapter.System.Data.IDbDataAdapter.SelectCommand' occur in both 'C:\WINDOWS\Microsoft.NET\Framework\v2.0.50727\System.Data.SqlClient.xml' and 'C:\WINDOWS\Microsoft.NET\Framework\v2.0.50727\System.Data.xml'. The last entry will be used.
Warn: CopyFromIndexComponent: Entries for the key 'P:System.Data.SqlClient.SqlDataAdapter.System.Data.IDbDataAdapter.UpdateCommand' occur in both 'C:\WINDOWS\Microsoft.NET\Framework\v2.0.50727\System.Data.SqlClient.xml' and 'C:\WINDOWS\Microsoft.NET\Framework\v2.0.50727\System.Data.xml'. The last entry will be used.
Warn: CopyFromIndexComponent: Entries for the key 'P:System.Data.SqlClient.SqlDataAdapter.UpdateCommand' occur in both 'C:\WINDOWS\Microsoft.NET\Framework\v2.0.50727\System.Data.SqlClient.xml' and 'C:\WINDOWS\Microsoft.NET\Framework\v2.0.50727\System.Data.xml'. The last entry will be used.
Warn: CopyFromIndexComponent: Entries for the key 'T:System.Data.SqlClient.SqlDataReader' occur in both 'C:\WINDOWS\Microsoft.NET\Framework\v2.0.50727\System.Data.SqlClient.xml' and 'C:\WINDOWS\Microsoft.NET\Framework\v2.0.50727\System.Data.xml'. The last entry will be used.
Warn: CopyFromIndexComponent: Entries for the key 'M:System.Data.SqlClient.SqlDataReader.Close' occur in both 'C:\WINDOWS\Microsoft.NET\Framework\v2.0.50727\System.Data.SqlClient.xml' and 'C:\WINDOWS\Microsoft.NET\Framework\v2.0.50727\System.Data.xml'. The last entry will be used.
Warn: CopyFromIndexComponent: Entries for the key 'M:System.Data.SqlClient.SqlDataReader.GetBoolean(System.Int32)' occur in both 'C:\WINDOWS\Microsoft.NET\Framework\v2.0.50727\System.Data.SqlClient.xml' and 'C:\WINDOWS\Microsoft.NET\Framework\v2.0.50727\System.Data.xml'. The last entry will be used.
Warn: CopyFromIndexComponent: Entries for the key 'M:System.Data.SqlClient.SqlDataReader.GetByte(System.Int32)' occur in both 'C:\WINDOWS\Microsoft.NET\Framework\v2.0.50727\System.Data.SqlClient.xml' and 'C:\WINDOWS\Microsoft.NET\Framework\v2.0.50727\System.Data.xml'. The last entry will be used.
Warn: CopyFromIndexComponent: Entries for the key 'M:System.Data.SqlClient.SqlDataReader.GetBytes(System.Int32,System.Int64,System.Byte[],System.Int32,System.Int32)' occur in both 'C:\WINDOWS\Microsoft.NET\Framework\v2.0.50727\System.Data.SqlClient.xml' and 'C:\WINDOWS\Microsoft.NET\Framework\v2.0.50727\System.Data.xml'. The last entry will be used.
Warn: CopyFromIndexComponent: Entries for the key 'M:System.Data.SqlClient.SqlDataReader.GetChar(System.Int32)' occur in both 'C:\WINDOWS\Microsoft.NET\Framework\v2.0.50727\System.Data.SqlClient.xml' and 'C:\WINDOWS\Microsoft.NET\Framework\v2.0.50727\System.Data.xml'. The last entry will be used.
Warn: CopyFromIndexComponent: Entries for the key 'M:System.Data.SqlClient.SqlDataReader.GetChars(System.Int32,System.Int64,System.Char[],System.Int32,System.Int32)' occur in both 'C:\WINDOWS\Microsoft.NET\Framework\v2.0.50727\System.Data.SqlClient.xml' and 'C:\WINDOWS\Microsoft.NET\Framework\v2.0.50727\System.Data.xml'. The last entry will be used.
Warn: CopyFromIndexComponent: Entries for the key 'M:System.Data.SqlClient.SqlDataReader.GetDataTypeName(System.Int32)' occur in both 'C:\WINDOWS\Microsoft.NET\Framework\v2.0.50727\System.Data.SqlClient.xml' and 'C:\WINDOWS\Microsoft.NET\Framework\v2.0.50727\System.Data.xml'. The last entry will be used.
Warn: CopyFromIndexComponent: Entries for the key 'M:System.Data.SqlClient.SqlDataReader.GetDateTime(System.Int32)' occur in both 'C:\WINDOWS\Microsoft.NET\Framework\v2.0.50727\System.Data.SqlClient.xml' and 'C:\WINDOWS\Microsoft.NET\Framework\v2.0.50727\System.Data.xml'. The last entry will be used.
Warn: CopyFromIndexComponent: Entries for the key 'M:System.Data.SqlClient.SqlDataReader.GetDecimal(System.Int32)' occur in both 'C:\WINDOWS\Microsoft.NET\Framework\v2.0.50727\System.Data.SqlClient.xml' and 'C:\WINDOWS\Microsoft.NET\Framework\v2.0.50727\System.Data.xml'. The last entry will be used.
Warn: CopyFromIndexComponent: Entries for the key 'M:System.Data.SqlClient.SqlDataReader.GetDouble(System.Int32)' occur in both 'C:\WINDOWS\Microsoft.NET\Framework\v2.0.50727\System.Data.SqlClient.xml' and 'C:\WINDOWS\Microsoft.NET\Framework\v2.0.50727\System.Data.xml'. The last entry will be used.
Warn: CopyFromIndexComponent: Entries for the key 'M:System.Data.SqlClient.SqlDataReader.GetFieldType(System.Int32)' occur in both 'C:\WINDOWS\Microsoft.NET\Framework\v2.0.50727\System.Data.SqlClient.xml' and 'C:\WINDOWS\Microsoft.NET\Framework\v2.0.50727\System.Data.xml'. The last entry will be used.
Warn: CopyFromIndexComponent: Entries for the key 'M:System.Data.SqlClient.SqlDataReader.GetFloat(System.Int32)' occur in both 'C:\WINDOWS\Microsoft.NET\Framework\v2.0.50727\System.Data.SqlClient.xml' and 'C:\WINDOWS\Microsoft.NET\Framework\v2.0.50727\System.Data.xml'. The last entry will be used.
Warn: CopyFromIndexComponent: Entries for the key 'M:System.Data.SqlClient.SqlDataReader.GetGuid(System.Int32)' occur in both 'C:\WINDOWS\Microsoft.NET\Framework\v2.0.50727\System.Data.SqlClient.xml' and 'C:\WINDOWS\Microsoft.NET\Framework\v2.0.50727\System.Data.xml'. The last entry will be used.
Warn: CopyFromIndexComponent: Entries for the key 'M:System.Data.SqlClient.SqlDataReader.GetInt16(System.Int32)' occur in both 'C:\WINDOWS\Microsoft.NET\Framework\v2.0.50727\System.Data.SqlClient.xml' and 'C:\WINDOWS\Microsoft.NET\Framework\v2.0.50727\System.Data.xml'. The last entry will be used.
Warn: CopyFromIndexComponent: Entries for the key 'M:System.Data.SqlClient.SqlDataReader.GetInt32(System.Int32)' occur in both 'C:\WINDOWS\Microsoft.NET\Framework\v2.0.50727\System.Data.SqlClient.xml' and 'C:\WINDOWS\Microsoft.NET\Framework\v2.0.50727\System.Data.xml'. The last entry will be used.
Warn: CopyFromIndexComponent: Entries for the key 'M:System.Data.SqlClient.SqlDataReader.GetInt64(System.Int32)' occur in both 'C:\WINDOWS\Microsoft.NET\Framework\v2.0.50727\System.Data.SqlClient.xml' and 'C:\WINDOWS\Microsoft.NET\Framework\v2.0.50727\System.Data.xml'. The last entry will be used.
Warn: CopyFromIndexComponent: Entries for the key 'M:System.Data.SqlClient.SqlDataReader.GetName(System.Int32)' occur in both 'C:\WINDOWS\Microsoft.NET\Framework\v2.0.50727\System.Data.SqlClient.xml' and 'C:\WINDOWS\Microsoft.NET\Framework\v2.0.50727\System.Data.xml'. The last entry will be used.
Warn: CopyFromIndexComponent: Entries for the key 'M:System.Data.SqlClient.SqlDataReader.GetOrdinal(System.String)' occur in both 'C:\WINDOWS\Microsoft.NET\Framework\v2.0.50727\System.Data.SqlClient.xml' and 'C:\WINDOWS\Microsoft.NET\Framework\v2.0.50727\System.Data.xml'. The last entry will be used.
Warn: CopyFromIndexComponent: Entries for the key 'M:System.Data.SqlClient.SqlDataReader.GetSchemaTable' occur in both 'C:\WINDOWS\Microsoft.NET\Framework\v2.0.50727\System.Data.SqlClient.xml' and 'C:\WINDOWS\Microsoft.NET\Framework\v2.0.50727\System.Data.xml'. The last entry will be used.
Warn: CopyFromIndexComponent: Entries for the key 'M:System.Data.SqlClient.SqlDataReader.GetSqlBinary(System.Int32)' occur in both 'C:\WINDOWS\Microsoft.NET\Framework\v2.0.50727\System.Data.SqlClient.xml' and 'C:\WINDOWS\Microsoft.NET\Framework\v2.0.50727\System.Data.xml'. The last entry will be used.
Warn: CopyFromIndexComponent: Entries for the key 'M:System.Data.SqlClient.SqlDataReader.GetSqlBoolean(System.Int32)' occur in both 'C:\WINDOWS\Microsoft.NET\Framework\v2.0.50727\System.Data.SqlClient.xml' and 'C:\WINDOWS\Microsoft.NET\Framework\v2.0.50727\System.Data.xml'. The last entry will be used.
Warn: CopyFromIndexComponent: Entries for the key 'M:System.Data.SqlClient.SqlDataReader.GetSqlByte(System.Int32)' occur in both 'C:\WINDOWS\Microsoft.NET\Framework\v2.0.50727\System.Data.SqlClient.xml' and 'C:\WINDOWS\Microsoft.NET\Framework\v2.0.50727\System.Data.xml'. The last entry will be used.
Warn: CopyFromIndexComponent: Entries for the key 'M:System.Data.SqlClient.SqlDataReader.GetSqlDateTime(System.Int32)' occur in both 'C:\WINDOWS\Microsoft.NET\Framework\v2.0.50727\System.Data.SqlClient.xml' and 'C:\WINDOWS\Microsoft.NET\Framework\v2.0.50727\System.Data.xml'. The last entry will be used.
Warn: CopyFromIndexComponent: Entries for the key 'M:System.Data.SqlClient.SqlDataReader.GetSqlDecimal(System.Int32)' occur in both 'C:\WINDOWS\Microsoft.NET\Framework\v2.0.50727\System.Data.SqlClient.xml' and 'C:\WINDOWS\Microsoft.NET\Framework\v2.0.50727\System.Data.xml'. The last entry will be used.
Warn: CopyFromIndexComponent: Entries for the key 'M:System.Data.SqlClient.SqlDataReader.GetSqlDouble(System.Int32)' occur in both 'C:\WINDOWS\Microsoft.NET\Framework\v2.0.50727\System.Data.SqlClient.xml' and 'C:\WINDOWS\Microsoft.NET\Framework\v2.0.50727\System.Data.xml'. The last entry will be used.
Warn: CopyFromIndexComponent: Entries for the key 'M:System.Data.SqlClient.SqlDataReader.GetSqlGuid(System.Int32)' occur in both 'C:\WINDOWS\Microsoft.NET\Framework\v2.0.50727\System.Data.SqlClient.xml' and 'C:\WINDOWS\Microsoft.NET\Framework\v2.0.50727\System.Data.xml'. The last entry will be used.
Warn: CopyFromIndexComponent: Entries for the key 'M:System.Data.SqlClient.SqlDataReader.GetSqlInt16(System.Int32)' occur in both 'C:\WINDOWS\Microsoft.NET\Framework\v2.0.50727\System.Data.SqlClient.xml' and 'C:\WINDOWS\Microsoft.NET\Framework\v2.0.50727\System.Data.xml'. The last entry will be used.
Warn: CopyFromIndexComponent: Entries for the key 'M:System.Data.SqlClient.SqlDataReader.GetSqlInt32(System.Int32)' occur in both 'C:\WINDOWS\Microsoft.NET\Framework\v2.0.50727\System.Data.SqlClient.xml' and 'C:\WINDOWS\Microsoft.NET\Framework\v2.0.50727\System.Data.xml'. The last entry will be used.
Warn: CopyFromIndexComponent: Entries for the key 'M:System.Data.SqlClient.SqlDataReader.GetSqlInt64(System.Int32)' occur in both 'C:\WINDOWS\Microsoft.NET\Framework\v2.0.50727\System.Data.SqlClient.xml' and 'C:\WINDOWS\Microsoft.NET\Framework\v2.0.50727\System.Data.xml'. The last entry will be used.
Warn: CopyFromIndexComponent: Entries for the key 'M:System.Data.SqlClient.SqlDataReader.GetSqlMoney(System.Int32)' occur in both 'C:\WINDOWS\Microsoft.NET\Framework\v2.0.50727\System.Data.SqlClient.xml' and 'C:\WINDOWS\Microsoft.NET\Framework\v2.0.50727\System.Data.xml'. The last entry will be used.
Warn: CopyFromIndexComponent: Entries for the key 'M:System.Data.SqlClient.SqlDataReader.GetSqlSingle(System.Int32)' occur in both 'C:\WINDOWS\Microsoft.NET\Framework\v2.0.50727\System.Data.SqlClient.xml' and 'C:\WINDOWS\Microsoft.NET\Framework\v2.0.50727\System.Data.xml'. The last entry will be used.
Warn: CopyFromIndexComponent: Entries for the key 'M:System.Data.SqlClient.SqlDataReader.GetSqlString(System.Int32)' occur in both 'C:\WINDOWS\Microsoft.NET\Framework\v2.0.50727\System.Data.SqlClient.xml' and 'C:\WINDOWS\Microsoft.NET\Framework\v2.0.50727\System.Data.xml'. The last entry will be used.
Warn: CopyFromIndexComponent: Entries for the key 'M:System.Data.SqlClient.SqlDataReader.GetSqlValue(System.Int32)' occur in both 'C:\WINDOWS\Microsoft.NET\Framework\v2.0.50727\System.Data.SqlClient.xml' and 'C:\WINDOWS\Microsoft.NET\Framework\v2.0.50727\System.Data.xml'. The last entry will be used.
Warn: CopyFromIndexComponent: Entries for the key 'M:System.Data.SqlClient.SqlDataReader.GetSqlValues(System.Object[])' occur in both 'C:\WINDOWS\Microsoft.NET\Framework\v2.0.50727\System.Data.SqlClient.xml' and 'C:\WINDOWS\Microsoft.NET\Framework\v2.0.50727\System.Data.xml'. The last entry will be used.
Warn: CopyFromIndexComponent: Entries for the key 'M:System.Data.SqlClient.SqlDataReader.GetString(System.Int32)' occur in both 'C:\WINDOWS\Microsoft.NET\Framework\v2.0.50727\System.Data.SqlClient.xml' and 'C:\WINDOWS\Microsoft.NET\Framework\v2.0.50727\System.Data.xml'. The last entry will be used.
Warn: CopyFromIndexComponent: Entries for the key 'M:System.Data.SqlClient.SqlDataReader.GetValue(System.Int32)' occur in both 'C:\WINDOWS\Microsoft.NET\Framework\v2.0.50727\System.Data.SqlClient.xml' and 'C:\WINDOWS\Microsoft.NET\Framework\v2.0.50727\System.Data.xml'. The last entry will be used.
Warn: CopyFromIndexComponent: Entries for the key 'M:System.Data.SqlClient.SqlDataReader.GetValues(System.Object[])' occur in both 'C:\WINDOWS\Microsoft.NET\Framework\v2.0.50727\System.Data.SqlClient.xml' and 'C:\WINDOWS\Microsoft.NET\Framework\v2.0.50727\System.Data.xml'. The last entry will be used.
Warn: CopyFromIndexComponent: Entries for the key 'M:System.Data.SqlClient.SqlDataReader.IsDBNull(System.Int32)' occur in both 'C:\WINDOWS\Microsoft.NET\Framework\v2.0.50727\System.Data.SqlClient.xml' and 'C:\WINDOWS\Microsoft.NET\Framework\v2.0.50727\System.Data.xml'. The last entry will be used.
Warn: CopyFromIndexComponent: Entries for the key 'M:System.Data.SqlClient.SqlDataReader.NextResult' occur in both 'C:\WINDOWS\Microsoft.NET\Framework\v2.0.50727\System.Data.SqlClient.xml' and 'C:\WINDOWS\Microsoft.NET\Framework\v2.0.50727\System.Data.xml'. The last entry will be used.
Warn: CopyFromIndexComponent: Entries for the key 'M:System.Data.SqlClient.SqlDataReader.Read' occur in both 'C:\WINDOWS\Microsoft.NET\Framework\v2.0.50727\System.Data.SqlClient.xml' and 'C:\WINDOWS\Microsoft.NET\Framework\v2.0.50727\System.Data.xml'. The last entry will be used.
Warn: CopyFromIndexComponent: Entries for the key 'P:System.Data.SqlClient.SqlDataReader.Depth' occur in both 'C:\WINDOWS\Microsoft.NET\Framework\v2.0.50727\System.Data.SqlClient.xml' and 'C:\WINDOWS\Microsoft.NET\Framework\v2.0.50727\System.Data.xml'. The last entry will be used.
Warn: CopyFromIndexComponent: Entries for the key 'P:System.Data.SqlClient.SqlDataReader.FieldCount' occur in both 'C:\WINDOWS\Microsoft.NET\Framework\v2.0.50727\System.Data.SqlClient.xml' and 'C:\WINDOWS\Microsoft.NET\Framework\v2.0.50727\System.Data.xml'. The last entry will be used.
Warn: CopyFromIndexComponent: Entries for the key 'P:System.Data.SqlClient.SqlDataReader.IsClosed' occur in both 'C:\WINDOWS\Microsoft.NET\Framework\v2.0.50727\System.Data.SqlClient.xml' and 'C:\WINDOWS\Microsoft.NET\Framework\v2.0.50727\System.Data.xml'. The last entry will be used.
Warn: CopyFromIndexComponent: Entries for the key 'P:System.Data.SqlClient.SqlDataReader.Item(System.Int32)' occur in both 'C:\WINDOWS\Microsoft.NET\Framework\v2.0.50727\System.Data.SqlClient.xml' and 'C:\WINDOWS\Microsoft.NET\Framework\v2.0.50727\System.Data.xml'. The last entry will be used.
Warn: CopyFromIndexComponent: Entries for the key 'P:System.Data.SqlClient.SqlDataReader.Item(System.String)' occur in both 'C:\WINDOWS\Microsoft.NET\Framework\v2.0.50727\System.Data.SqlClient.xml' and 'C:\WINDOWS\Microsoft.NET\Framework\v2.0.50727\System.Data.xml'. The last entry will be used.
Warn: CopyFromIndexComponent: Entries for the key 'P:System.Data.SqlClient.SqlDataReader.RecordsAffected' occur in both 'C:\WINDOWS\Microsoft.NET\Framework\v2.0.50727\System.Data.SqlClient.xml' and 'C:\WINDOWS\Microsoft.NET\Framework\v2.0.50727\System.Data.xml'. The last entry will be used.
Warn: CopyFromIndexComponent: Entries for the key 'T:System.Data.SqlClient.SqlError' occur in both 'C:\WINDOWS\Microsoft.NET\Framework\v2.0.50727\System.Data.SqlClient.xml' and 'C:\WINDOWS\Microsoft.NET\Framework\v2.0.50727\System.Data.xml'. The last entry will be used.
Warn: CopyFromIndexComponent: Entries for the key 'M:System.Data.SqlClient.SqlError.ToString' occur in both 'C:\WINDOWS\Microsoft.NET\Framework\v2.0.50727\System.Data.SqlClient.xml' and 'C:\WINDOWS\Microsoft.NET\Framework\v2.0.50727\System.Data.xml'. The last entry will be used.
Warn: CopyFromIndexComponent: Entries for the key 'P:System.Data.SqlClient.SqlError.Class' occur in both 'C:\WINDOWS\Microsoft.NET\Framework\v2.0.50727\System.Data.SqlClient.xml' and 'C:\WINDOWS\Microsoft.NET\Framework\v2.0.50727\System.Data.xml'. The last entry will be used.
Warn: CopyFromIndexComponent: Entries for the key 'P:System.Data.SqlClient.SqlError.LineNumber' occur in both 'C:\WINDOWS\Microsoft.NET\Framework\v2.0.50727\System.Data.SqlClient.xml' and 'C:\WINDOWS\Microsoft.NET\Framework\v2.0.50727\System.Data.xml'. The last entry will be used.
Warn: CopyFromIndexComponent: Entries for the key 'P:System.Data.SqlClient.SqlError.Message' occur in both 'C:\WINDOWS\Microsoft.NET\Framework\v2.0.50727\System.Data.SqlClient.xml' and 'C:\WINDOWS\Microsoft.NET\Framework\v2.0.50727\System.Data.xml'. The last entry will be used.
Warn: CopyFromIndexComponent: Entries for the key 'P:System.Data.SqlClient.SqlError.Number' occur in both 'C:\WINDOWS\Microsoft.NET\Framework\v2.0.50727\System.Data.SqlClient.xml' and 'C:\WINDOWS\Microsoft.NET\Framework\v2.0.50727\System.Data.xml'. The last entry will be used.
Warn: CopyFromIndexComponent: Entries for the key 'P:System.Data.SqlClient.SqlError.Procedure' occur in both 'C:\WINDOWS\Microsoft.NET\Framework\v2.0.50727\System.Data.SqlClient.xml' and 'C:\WINDOWS\Microsoft.NET\Framework\v2.0.50727\System.Data.xml'. The last entry will be used.
Warn: CopyFromIndexComponent: Entries for the key 'P:System.Data.SqlClient.SqlError.Server' occur in both 'C:\WINDOWS\Microsoft.NET\Framework\v2.0.50727\System.Data.SqlClient.xml' and 'C:\WINDOWS\Microsoft.NET\Framework\v2.0.50727\System.Data.xml'. The last entry will be used.
Warn: CopyFromIndexComponent: Entries for the key 'P:System.Data.SqlClient.SqlError.Source' occur in both 'C:\WINDOWS\Microsoft.NET\Framework\v2.0.50727\System.Data.SqlClient.xml' and 'C:\WINDOWS\Microsoft.NET\Framework\v2.0.50727\System.Data.xml'. The last entry will be used.
Warn: CopyFromIndexComponent: Entries for the key 'P:System.Data.SqlClient.SqlError.State' occur in both 'C:\WINDOWS\Microsoft.NET\Framework\v2.0.50727\System.Data.SqlClient.xml' and 'C:\WINDOWS\Microsoft.NET\Framework\v2.0.50727\System.Data.xml'. The last entry will be used.
Warn: CopyFromIndexComponent: Entries for the key 'T:System.Data.SqlClient.SqlErrorCollection' occur in both 'C:\WINDOWS\Microsoft.NET\Framework\v2.0.50727\System.Data.SqlClient.xml' and 'C:\WINDOWS\Microsoft.NET\Framework\v2.0.50727\System.Data.xml'. The last entry will be used.
Warn: CopyFromIndexComponent: Entries for the key 'M:System.Data.SqlClient.SqlErrorCollection.CopyTo(System.Array,System.Int32)' occur in both 'C:\WINDOWS\Microsoft.NET\Framework\v2.0.50727\System.Data.SqlClient.xml' and 'C:\WINDOWS\Microsoft.NET\Framework\v2.0.50727\System.Data.xml'. The last entry will be used.
Warn: CopyFromIndexComponent: Entries for the key 'M:System.Data.SqlClient.SqlErrorCollection.GetEnumerator' occur in both 'C:\WINDOWS\Microsoft.NET\Framework\v2.0.50727\System.Data.SqlClient.xml' and 'C:\WINDOWS\Microsoft.NET\Framework\v2.0.50727\System.Data.xml'. The last entry will be used.
Warn: CopyFromIndexComponent: Entries for the key 'P:System.Data.SqlClient.SqlErrorCollection.Count' occur in both 'C:\WINDOWS\Microsoft.NET\Framework\v2.0.50727\System.Data.SqlClient.xml' and 'C:\WINDOWS\Microsoft.NET\Framework\v2.0.50727\System.Data.xml'. The last entry will be used.
Warn: CopyFromIndexComponent: Entries for the key 'P:System.Data.SqlClient.SqlErrorCollection.Item(System.Int32)' occur in both 'C:\WINDOWS\Microsoft.NET\Framework\v2.0.50727\System.Data.SqlClient.xml' and 'C:\WINDOWS\Microsoft.NET\Framework\v2.0.50727\System.Data.xml'. The last entry will be used.
Warn: CopyFromIndexComponent: Entries for the key 'P:System.Data.SqlClient.SqlErrorCollection.System.Collections.ICollection.IsSynchronized' occur in both 'C:\WINDOWS\Microsoft.NET\Framework\v2.0.50727\System.Data.SqlClient.xml' and 'C:\WINDOWS\Microsoft.NET\Framework\v2.0.50727\System.Data.xml'. The last entry will be used.
Warn: CopyFromIndexComponent: Entries for the key 'P:System.Data.SqlClient.SqlErrorCollection.System.Collections.ICollection.SyncRoot' occur in both 'C:\WINDOWS\Microsoft.NET\Framework\v2.0.50727\System.Data.SqlClient.xml' and 'C:\WINDOWS\Microsoft.NET\Framework\v2.0.50727\System.Data.xml'. The last entry will be used.
Warn: CopyFromIndexComponent: Entries for the key 'T:System.Data.SqlClient.SqlException' occur in both 'C:\WINDOWS\Microsoft.NET\Framework\v2.0.50727\System.Data.SqlClient.xml' and 'C:\WINDOWS\Microsoft.NET\Framework\v2.0.50727\System.Data.xml'. The last entry will be used.
Warn: CopyFromIndexComponent: Entries for the key 'P:System.Data.SqlClient.SqlException.Class' occur in both 'C:\WINDOWS\Microsoft.NET\Framework\v2.0.50727\System.Data.SqlClient.xml' and 'C:\WINDOWS\Microsoft.NET\Framework\v2.0.50727\System.Data.xml'. The last entry will be used.
Warn: CopyFromIndexComponent: Entries for the key 'P:System.Data.SqlClient.SqlException.Errors' occur in both 'C:\WINDOWS\Microsoft.NET\Framework\v2.0.50727\System.Data.SqlClient.xml' and 'C:\WINDOWS\Microsoft.NET\Framework\v2.0.50727\System.Data.xml'. The last entry will be used.
Warn: CopyFromIndexComponent: Entries for the key 'P:System.Data.SqlClient.SqlException.LineNumber' occur in both 'C:\WINDOWS\Microsoft.NET\Framework\v2.0.50727\System.Data.SqlClient.xml' and 'C:\WINDOWS\Microsoft.NET\Framework\v2.0.50727\System.Data.xml'. The last entry will be used.
Warn: CopyFromIndexComponent: Entries for the key 'P:System.Data.SqlClient.SqlException.Number' occur in both 'C:\WINDOWS\Microsoft.NET\Framework\v2.0.50727\System.Data.SqlClient.xml' and 'C:\WINDOWS\Microsoft.NET\Framework\v2.0.50727\System.Data.xml'. The last entry will be used.
Warn: CopyFromIndexComponent: Entries for the key 'P:System.Data.SqlClient.SqlException.Procedure' occur in both 'C:\WINDOWS\Microsoft.NET\Framework\v2.0.50727\System.Data.SqlClient.xml' and 'C:\WINDOWS\Microsoft.NET\Framework\v2.0.50727\System.Data.xml'. The last entry will be used.
Warn: CopyFromIndexComponent: Entries for the key 'P:System.Data.SqlClient.SqlException.Server' occur in both 'C:\WINDOWS\Microsoft.NET\Framework\v2.0.50727\System.Data.SqlClient.xml' and 'C:\WINDOWS\Microsoft.NET\Framework\v2.0.50727\System.Data.xml'. The last entry will be used.
Warn: CopyFromIndexComponent: Entries for the key 'P:System.Data.SqlClient.SqlException.Source' occur in both 'C:\WINDOWS\Microsoft.NET\Framework\v2.0.50727\System.Data.SqlClient.xml' and 'C:\WINDOWS\Microsoft.NET\Framework\v2.0.50727\System.Data.xml'. The last entry will be used.
Warn: CopyFromIndexComponent: Entries for the key 'P:System.Data.SqlClient.SqlException.State' occur in both 'C:\WINDOWS\Microsoft.NET\Framework\v2.0.50727\System.Data.SqlClient.xml' and 'C:\WINDOWS\Microsoft.NET\Framework\v2.0.50727\System.Data.xml'. The last entry will be used.
Warn: CopyFromIndexComponent: Entries for the key 'T:System.Data.SqlClient.SqlInfoMessageEventArgs' occur in both 'C:\WINDOWS\Microsoft.NET\Framework\v2.0.50727\System.Data.SqlClient.xml' and 'C:\WINDOWS\Microsoft.NET\Framework\v2.0.50727\System.Data.xml'. The last entry will be used.
Warn: CopyFromIndexComponent: Entries for the key 'M:System.Data.SqlClient.SqlInfoMessageEventArgs.ToString' occur in both 'C:\WINDOWS\Microsoft.NET\Framework\v2.0.50727\System.Data.SqlClient.xml' and 'C:\WINDOWS\Microsoft.NET\Framework\v2.0.50727\System.Data.xml'. The last entry will be used.
Warn: CopyFromIndexComponent: Entries for the key 'P:System.Data.SqlClient.SqlInfoMessageEventArgs.Errors' occur in both 'C:\WINDOWS\Microsoft.NET\Framework\v2.0.50727\System.Data.SqlClient.xml' and 'C:\WINDOWS\Microsoft.NET\Framework\v2.0.50727\System.Data.xml'. The last entry will be used.
Warn: CopyFromIndexComponent: Entries for the key 'P:System.Data.SqlClient.SqlInfoMessageEventArgs.Message' occur in both 'C:\WINDOWS\Microsoft.NET\Framework\v2.0.50727\System.Data.SqlClient.xml' and 'C:\WINDOWS\Microsoft.NET\Framework\v2.0.50727\System.Data.xml'. The last entry will be used.
Warn: CopyFromIndexComponent: Entries for the key 'P:System.Data.SqlClient.SqlInfoMessageEventArgs.Source' occur in both 'C:\WINDOWS\Microsoft.NET\Framework\v2.0.50727\System.Data.SqlClient.xml' and 'C:\WINDOWS\Microsoft.NET\Framework\v2.0.50727\System.Data.xml'. The last entry will be used.
Warn: CopyFromIndexComponent: Entries for the key 'T:System.Data.SqlClient.SqlInfoMessageEventHandler' occur in both 'C:\WINDOWS\Microsoft.NET\Framework\v2.0.50727\System.Data.SqlClient.xml' and 'C:\WINDOWS\Microsoft.NET\Framework\v2.0.50727\System.Data.xml'. The last entry will be used.
Warn: CopyFromIndexComponent: Entries for the key 'T:System.Data.SqlClient.SqlParameter' occur in both 'C:\WINDOWS\Microsoft.NET\Framework\v2.0.50727\System.Data.SqlClient.xml' and 'C:\WINDOWS\Microsoft.NET\Framework\v2.0.50727\System.Data.xml'. The last entry will be used.
Warn: CopyFromIndexComponent: Entries for the key 'M:System.Data.SqlClient.SqlParameter.#ctor' occur in both 'C:\WINDOWS\Microsoft.NET\Framework\v2.0.50727\System.Data.SqlClient.xml' and 'C:\WINDOWS\Microsoft.NET\Framework\v2.0.50727\System.Data.xml'. The last entry will be used.
Warn: CopyFromIndexComponent: Entries for the key 'M:System.Data.SqlClient.SqlParameter.#ctor(System.String,System.Object)' occur in both 'C:\WINDOWS\Microsoft.NET\Framework\v2.0.50727\System.Data.SqlClient.xml' and 'C:\WINDOWS\Microsoft.NET\Framework\v2.0.50727\System.Data.xml'. The last entry will be used.
Warn: CopyFromIndexComponent: Entries for the key 'M:System.Data.SqlClient.SqlParameter.#ctor(System.String,System.Data.SqlDbType)' occur in both 'C:\WINDOWS\Microsoft.NET\Framework\v2.0.50727\System.Data.SqlClient.xml' and 'C:\WINDOWS\Microsoft.NET\Framework\v2.0.50727\System.Data.xml'. The last entry will be used.
Warn: CopyFromIndexComponent: Entries for the key 'M:System.Data.SqlClient.SqlParameter.#ctor(System.String,System.Data.SqlDbType,System.Int32)' occur in both 'C:\WINDOWS\Microsoft.NET\Framework\v2.0.50727\System.Data.SqlClient.xml' and 'C:\WINDOWS\Microsoft.NET\Framework\v2.0.50727\System.Data.xml'. The last entry will be used.
Warn: CopyFromIndexComponent: Entries for the key 'M:System.Data.SqlClient.SqlParameter.#ctor(System.String,System.Data.SqlDbType,System.Int32,System.String)' occur in both 'C:\WINDOWS\Microsoft.NET\Framework\v2.0.50727\System.Data.SqlClient.xml' and 'C:\WINDOWS\Microsoft.NET\Framework\v2.0.50727\System.Data.xml'. The last entry will be used.
Warn: CopyFromIndexComponent: Entries for the key 'M:System.Data.SqlClient.SqlParameter.#ctor(System.String,System.Data.SqlDbType,System.Int32,System.Data.ParameterDirection,System.Boolean,System.Byte,System.Byte,System.String,System.Data.DataRowVersion,System.Object)' occur in both 'C:\WINDOWS\Microsoft.NET\Framework\v2.0.50727\System.Data.SqlClient.xml' and 'C:\WINDOWS\Microsoft.NET\Framework\v2.0.50727\System.Data.xml'. The last entry will be used.
Warn: CopyFromIndexComponent: Entries for the key 'M:System.Data.SqlClient.SqlParameter.System.ICloneable.Clone' occur in both 'C:\WINDOWS\Microsoft.NET\Framework\v2.0.50727\System.Data.SqlClient.xml' and 'C:\WINDOWS\Microsoft.NET\Framework\v2.0.50727\System.Data.xml'. The last entry will be used.
Warn: CopyFromIndexComponent: Entries for the key 'M:System.Data.SqlClient.SqlParameter.ToString' occur in both 'C:\WINDOWS\Microsoft.NET\Framework\v2.0.50727\System.Data.SqlClient.xml' and 'C:\WINDOWS\Microsoft.NET\Framework\v2.0.50727\System.Data.xml'. The last entry will be used.
Warn: CopyFromIndexComponent: Entries for the key 'P:System.Data.SqlClient.SqlParameter.DbType' occur in both 'C:\WINDOWS\Microsoft.NET\Framework\v2.0.50727\System.Data.SqlClient.xml' and 'C:\WINDOWS\Microsoft.NET\Framework\v2.0.50727\System.Data.xml'. The last entry will be used.
Warn: CopyFromIndexComponent: Entries for the key 'P:System.Data.SqlClient.SqlParameter.Direction' occur in both 'C:\WINDOWS\Microsoft.NET\Framework\v2.0.50727\System.Data.SqlClient.xml' and 'C:\WINDOWS\Microsoft.NET\Framework\v2.0.50727\System.Data.xml'. The last entry will be used.
Warn: CopyFromIndexComponent: Entries for the key 'P:System.Data.SqlClient.SqlParameter.IsNullable' occur in both 'C:\WINDOWS\Microsoft.NET\Framework\v2.0.50727\System.Data.SqlClient.xml' and 'C:\WINDOWS\Microsoft.NET\Framework\v2.0.50727\System.Data.xml'. The last entry will be used.
Warn: CopyFromIndexComponent: Entries for the key 'P:System.Data.SqlClient.SqlParameter.Offset' occur in both 'C:\WINDOWS\Microsoft.NET\Framework\v2.0.50727\System.Data.SqlClient.xml' and 'C:\WINDOWS\Microsoft.NET\Framework\v2.0.50727\System.Data.xml'. The last entry will be used.
Warn: CopyFromIndexComponent: Entries for the key 'P:System.Data.SqlClient.SqlParameter.ParameterName' occur in both 'C:\WINDOWS\Microsoft.NET\Framework\v2.0.50727\System.Data.SqlClient.xml' and 'C:\WINDOWS\Microsoft.NET\Framework\v2.0.50727\System.Data.xml'. The last entry will be used.
Warn: CopyFromIndexComponent: Entries for the key 'P:System.Data.SqlClient.SqlParameter.Precision' occur in both 'C:\WINDOWS\Microsoft.NET\Framework\v2.0.50727\System.Data.SqlClient.xml' and 'C:\WINDOWS\Microsoft.NET\Framework\v2.0.50727\System.Data.xml'. The last entry will be used.
Warn: CopyFromIndexComponent: Entries for the key 'P:System.Data.SqlClient.SqlParameter.Scale' occur in both 'C:\WINDOWS\Microsoft.NET\Framework\v2.0.50727\System.Data.SqlClient.xml' and 'C:\WINDOWS\Microsoft.NET\Framework\v2.0.50727\System.Data.xml'. The last entry will be used.
Warn: CopyFromIndexComponent: Entries for the key 'P:System.Data.SqlClient.SqlParameter.Size' occur in both 'C:\WINDOWS\Microsoft.NET\Framework\v2.0.50727\System.Data.SqlClient.xml' and 'C:\WINDOWS\Microsoft.NET\Framework\v2.0.50727\System.Data.xml'. The last entry will be used.
Warn: CopyFromIndexComponent: Entries for the key 'P:System.Data.SqlClient.SqlParameter.SourceColumn' occur in both 'C:\WINDOWS\Microsoft.NET\Framework\v2.0.50727\System.Data.SqlClient.xml' and 'C:\WINDOWS\Microsoft.NET\Framework\v2.0.50727\System.Data.xml'. The last entry will be used.
Warn: CopyFromIndexComponent: Entries for the key 'P:System.Data.SqlClient.SqlParameter.SourceVersion' occur in both 'C:\WINDOWS\Microsoft.NET\Framework\v2.0.50727\System.Data.SqlClient.xml' and 'C:\WINDOWS\Microsoft.NET\Framework\v2.0.50727\System.Data.xml'. The last entry will be used.
Warn: CopyFromIndexComponent: Entries for the key 'P:System.Data.SqlClient.SqlParameter.SqlDbType' occur in both 'C:\WINDOWS\Microsoft.NET\Framework\v2.0.50727\System.Data.SqlClient.xml' and 'C:\WINDOWS\Microsoft.NET\Framework\v2.0.50727\System.Data.xml'. The last entry will be used.
Warn: CopyFromIndexComponent: Entries for the key 'P:System.Data.SqlClient.SqlParameter.Value' occur in both 'C:\WINDOWS\Microsoft.NET\Framework\v2.0.50727\System.Data.SqlClient.xml' and 'C:\WINDOWS\Microsoft.NET\Framework\v2.0.50727\System.Data.xml'. The last entry will be used.
Warn: CopyFromIndexComponent: Entries for the key 'T:System.Data.SqlClient.SqlParameterCollection' occur in both 'C:\WINDOWS\Microsoft.NET\Framework\v2.0.50727\System.Data.SqlClient.xml' and 'C:\WINDOWS\Microsoft.NET\Framework\v2.0.50727\System.Data.xml'. The last entry will be used.
Warn: CopyFromIndexComponent: Entries for the key 'M:System.Data.SqlClient.SqlParameterCollection.Add(System.Object)' occur in both 'C:\WINDOWS\Microsoft.NET\Framework\v2.0.50727\System.Data.SqlClient.xml' and 'C:\WINDOWS\Microsoft.NET\Framework\v2.0.50727\System.Data.xml'. The last entry will be used.
Warn: CopyFromIndexComponent: Entries for the key 'M:System.Data.SqlClient.SqlParameterCollection.Add(System.Data.SqlClient.SqlParameter)' occur in both 'C:\WINDOWS\Microsoft.NET\Framework\v2.0.50727\System.Data.SqlClient.xml' and 'C:\WINDOWS\Microsoft.NET\Framework\v2.0.50727\System.Data.xml'. The last entry will be used.
Warn: CopyFromIndexComponent: Entries for the key 'M:System.Data.SqlClient.SqlParameterCollection.Add(System.String,System.Object)' occur in both 'C:\WINDOWS\Microsoft.NET\Framework\v2.0.50727\System.Data.SqlClient.xml' and 'C:\WINDOWS\Microsoft.NET\Framework\v2.0.50727\System.Data.xml'. The last entry will be used.
Warn: CopyFromIndexComponent: Entries for the key 'M:System.Data.SqlClient.SqlParameterCollection.Add(System.String,System.Data.SqlDbType)' occur in both 'C:\WINDOWS\Microsoft.NET\Framework\v2.0.50727\System.Data.SqlClient.xml' and 'C:\WINDOWS\Microsoft.NET\Framework\v2.0.50727\System.Data.xml'. The last entry will be used.
Warn: CopyFromIndexComponent: Entries for the key 'M:System.Data.SqlClient.SqlParameterCollection.Add(System.String,System.Data.SqlDbType,System.Int32)' occur in both 'C:\WINDOWS\Microsoft.NET\Framework\v2.0.50727\System.Data.SqlClient.xml' and 'C:\WINDOWS\Microsoft.NET\Framework\v2.0.50727\System.Data.xml'. The last entry will be used.
Warn: CopyFromIndexComponent: Entries for the key 'M:System.Data.SqlClient.SqlParameterCollection.Add(System.String,System.Data.SqlDbType,System.Int32,System.String)' occur in both 'C:\WINDOWS\Microsoft.NET\Framework\v2.0.50727\System.Data.SqlClient.xml' and 'C:\WINDOWS\Microsoft.NET\Framework\v2.0.50727\System.Data.xml'. The last entry will be used.
Warn: CopyFromIndexComponent: Entries for the key 'M:System.Data.SqlClient.SqlParameterCollection.AddWithValue(System.String,System.Object)' occur in both 'C:\WINDOWS\Microsoft.NET\Framework\v2.0.50727\System.Data.SqlClient.xml' and 'C:\WINDOWS\Microsoft.NET\Framework\v2.0.50727\System.Data.xml'. The last entry will be used.
Warn: CopyFromIndexComponent: Entries for the key 'M:System.Data.SqlClient.SqlParameterCollection.Clear' occur in both 'C:\WINDOWS\Microsoft.NET\Framework\v2.0.50727\System.Data.SqlClient.xml' and 'C:\WINDOWS\Microsoft.NET\Framework\v2.0.50727\System.Data.xml'. The last entry will be used.
Warn: CopyFromIndexComponent: Entries for the key 'M:System.Data.SqlClient.SqlParameterCollection.Contains(System.Object)' occur in both 'C:\WINDOWS\Microsoft.NET\Framework\v2.0.50727\System.Data.SqlClient.xml' and 'C:\WINDOWS\Microsoft.NET\Framework\v2.0.50727\System.Data.xml'. The last entry will be used.
Warn: CopyFromIndexComponent: Entries for the key 'M:System.Data.SqlClient.SqlParameterCollection.Contains(System.String)' occur in both 'C:\WINDOWS\Microsoft.NET\Framework\v2.0.50727\System.Data.SqlClient.xml' and 'C:\WINDOWS\Microsoft.NET\Framework\v2.0.50727\System.Data.xml'. The last entry will be used.
Warn: CopyFromIndexComponent: Entries for the key 'M:System.Data.SqlClient.SqlParameterCollection.CopyTo(System.Array,System.Int32)' occur in both 'C:\WINDOWS\Microsoft.NET\Framework\v2.0.50727\System.Data.SqlClient.xml' and 'C:\WINDOWS\Microsoft.NET\Framework\v2.0.50727\System.Data.xml'. The last entry will be used.
Warn: CopyFromIndexComponent: Entries for the key 'M:System.Data.SqlClient.SqlParameterCollection.GetEnumerator' occur in both 'C:\WINDOWS\Microsoft.NET\Framework\v2.0.50727\System.Data.SqlClient.xml' and 'C:\WINDOWS\Microsoft.NET\Framework\v2.0.50727\System.Data.xml'. The last entry will be used.
Warn: CopyFromIndexComponent: Entries for the key 'M:System.Data.SqlClient.SqlParameterCollection.IndexOf(System.Object)' occur in both 'C:\WINDOWS\Microsoft.NET\Framework\v2.0.50727\System.Data.SqlClient.xml' and 'C:\WINDOWS\Microsoft.NET\Framework\v2.0.50727\System.Data.xml'. The last entry will be used.
Warn: CopyFromIndexComponent: Entries for the key 'M:System.Data.SqlClient.SqlParameterCollection.IndexOf(System.String)' occur in both 'C:\WINDOWS\Microsoft.NET\Framework\v2.0.50727\System.Data.SqlClient.xml' and 'C:\WINDOWS\Microsoft.NET\Framework\v2.0.50727\System.Data.xml'. The last entry will be used.
Warn: CopyFromIndexComponent: Entries for the key 'M:System.Data.SqlClient.SqlParameterCollection.Insert(System.Int32,System.Object)' occur in both 'C:\WINDOWS\Microsoft.NET\Framework\v2.0.50727\System.Data.SqlClient.xml' and 'C:\WINDOWS\Microsoft.NET\Framework\v2.0.50727\System.Data.xml'. The last entry will be used.
Warn: CopyFromIndexComponent: Entries for the key 'M:System.Data.SqlClient.SqlParameterCollection.Remove(System.Object)' occur in both 'C:\WINDOWS\Microsoft.NET\Framework\v2.0.50727\System.Data.SqlClient.xml' and 'C:\WINDOWS\Microsoft.NET\Framework\v2.0.50727\System.Data.xml'. The last entry will be used.
Warn: CopyFromIndexComponent: Entries for the key 'M:System.Data.SqlClient.SqlParameterCollection.RemoveAt(System.Int32)' occur in both 'C:\WINDOWS\Microsoft.NET\Framework\v2.0.50727\System.Data.SqlClient.xml' and 'C:\WINDOWS\Microsoft.NET\Framework\v2.0.50727\System.Data.xml'. The last entry will be used.
Warn: CopyFromIndexComponent: Entries for the key 'M:System.Data.SqlClient.SqlParameterCollection.RemoveAt(System.String)' occur in both 'C:\WINDOWS\Microsoft.NET\Framework\v2.0.50727\System.Data.SqlClient.xml' and 'C:\WINDOWS\Microsoft.NET\Framework\v2.0.50727\System.Data.xml'. The last entry will be used.
Warn: CopyFromIndexComponent: Entries for the key 'P:System.Data.SqlClient.SqlParameterCollection.Count' occur in both 'C:\WINDOWS\Microsoft.NET\Framework\v2.0.50727\System.Data.SqlClient.xml' and 'C:\WINDOWS\Microsoft.NET\Framework\v2.0.50727\System.Data.xml'. The last entry will be used.
Warn: CopyFromIndexComponent: Entries for the key 'P:System.Data.SqlClient.SqlParameterCollection.Item(System.Int32)' occur in both 'C:\WINDOWS\Microsoft.NET\Framework\v2.0.50727\System.Data.SqlClient.xml' and 'C:\WINDOWS\Microsoft.NET\Framework\v2.0.50727\System.Data.xml'. The last entry will be used.
Warn: CopyFromIndexComponent: Entries for the key 'P:System.Data.SqlClient.SqlParameterCollection.Item(System.String)' occur in both 'C:\WINDOWS\Microsoft.NET\Framework\v2.0.50727\System.Data.SqlClient.xml' and 'C:\WINDOWS\Microsoft.NET\Framework\v2.0.50727\System.Data.xml'. The last entry will be used.
Warn: CopyFromIndexComponent: Entries for the key 'T:System.Data.SqlClient.SqlRowUpdatedEventArgs' occur in both 'C:\WINDOWS\Microsoft.NET\Framework\v2.0.50727\System.Data.SqlClient.xml' and 'C:\WINDOWS\Microsoft.NET\Framework\v2.0.50727\System.Data.xml'. The last entry will be used.
Warn: CopyFromIndexComponent: Entries for the key 'M:System.Data.SqlClient.SqlRowUpdatedEventArgs.#ctor(System.Data.DataRow,System.Data.IDbCommand,System.Data.StatementType,System.Data.Common.DataTableMapping)' occur in both 'C:\WINDOWS\Microsoft.NET\Framework\v2.0.50727\System.Data.SqlClient.xml' and 'C:\WINDOWS\Microsoft.NET\Framework\v2.0.50727\System.Data.xml'. The last entry will be used.
Warn: CopyFromIndexComponent: Entries for the key 'P:System.Data.SqlClient.SqlRowUpdatedEventArgs.Command' occur in both 'C:\WINDOWS\Microsoft.NET\Framework\v2.0.50727\System.Data.SqlClient.xml' and 'C:\WINDOWS\Microsoft.NET\Framework\v2.0.50727\System.Data.xml'. The last entry will be used.
Warn: CopyFromIndexComponent: Entries for the key 'T:System.Data.SqlClient.SqlRowUpdatedEventHandler' occur in both 'C:\WINDOWS\Microsoft.NET\Framework\v2.0.50727\System.Data.SqlClient.xml' and 'C:\WINDOWS\Microsoft.NET\Framework\v2.0.50727\System.Data.xml'. The last entry will be used.
Warn: CopyFromIndexComponent: Entries for the key 'T:System.Data.SqlClient.SqlRowUpdatingEventArgs' occur in both 'C:\WINDOWS\Microsoft.NET\Framework\v2.0.50727\System.Data.SqlClient.xml' and 'C:\WINDOWS\Microsoft.NET\Framework\v2.0.50727\System.Data.xml'. The last entry will be used.
Warn: CopyFromIndexComponent: Entries for the key 'M:System.Data.SqlClient.SqlRowUpdatingEventArgs.#ctor(System.Data.DataRow,System.Data.IDbCommand,System.Data.StatementType,System.Data.Common.DataTableMapping)' occur in both 'C:\WINDOWS\Microsoft.NET\Framework\v2.0.50727\System.Data.SqlClient.xml' and 'C:\WINDOWS\Microsoft.NET\Framework\v2.0.50727\System.Data.xml'. The last entry will be used.
Warn: CopyFromIndexComponent: Entries for the key 'P:System.Data.SqlClient.SqlRowUpdatingEventArgs.Command' occur in both 'C:\WINDOWS\Microsoft.NET\Framework\v2.0.50727\System.Data.SqlClient.xml' and 'C:\WINDOWS\Microsoft.NET\Framework\v2.0.50727\System.Data.xml'. The last entry will be used.
Warn: CopyFromIndexComponent: Entries for the key 'T:System.Data.SqlClient.SqlRowUpdatingEventHandler' occur in both 'C:\WINDOWS\Microsoft.NET\Framework\v2.0.50727\System.Data.SqlClient.xml' and 'C:\WINDOWS\Microsoft.NET\Framework\v2.0.50727\System.Data.xml'. The last entry will be used.
Warn: CopyFromIndexComponent: Entries for the key 'T:System.Data.SqlClient.SqlTransaction' occur in both 'C:\WINDOWS\Microsoft.NET\Framework\v2.0.50727\System.Data.SqlClient.xml' and 'C:\WINDOWS\Microsoft.NET\Framework\v2.0.50727\System.Data.xml'. The last entry will be used.
Warn: CopyFromIndexComponent: Entries for the key 'M:System.Data.SqlClient.SqlTransaction.Commit' occur in both 'C:\WINDOWS\Microsoft.NET\Framework\v2.0.50727\System.Data.SqlClient.xml' and 'C:\WINDOWS\Microsoft.NET\Framework\v2.0.50727\System.Data.xml'. The last entry will be used.
Warn: CopyFromIndexComponent: Entries for the key 'M:System.Data.SqlClient.SqlTransaction.Rollback' occur in both 'C:\WINDOWS\Microsoft.NET\Framework\v2.0.50727\System.Data.SqlClient.xml' and 'C:\WINDOWS\Microsoft.NET\Framework\v2.0.50727\System.Data.xml'. The last entry will be used.
Warn: CopyFromIndexComponent: Entries for the key 'M:System.Data.SqlClient.SqlTransaction.Rollback(System.String)' occur in both 'C:\WINDOWS\Microsoft.NET\Framework\v2.0.50727\System.Data.SqlClient.xml' and 'C:\WINDOWS\Microsoft.NET\Framework\v2.0.50727\System.Data.xml'. The last entry will be used.
Warn: CopyFromIndexComponent: Entries for the key 'M:System.Data.SqlClient.SqlTransaction.Save(System.String)' occur in both 'C:\WINDOWS\Microsoft.NET\Framework\v2.0.50727\System.Data.SqlClient.xml' and 'C:\WINDOWS\Microsoft.NET\Framework\v2.0.50727\System.Data.xml'. The last entry will be used.
Warn: CopyFromIndexComponent: Entries for the key 'P:System.Data.SqlClient.SqlTransaction.Connection' occur in both 'C:\WINDOWS\Microsoft.NET\Framework\v2.0.50727\System.Data.SqlClient.xml' and 'C:\WINDOWS\Microsoft.NET\Framework\v2.0.50727\System.Data.xml'. The last entry will be used.
Warn: CopyFromIndexComponent: Entries for the key 'P:System.Data.SqlClient.SqlTransaction.IsolationLevel' occur in both 'C:\WINDOWS\Microsoft.NET\Framework\v2.0.50727\System.Data.SqlClient.xml' and 'C:\WINDOWS\Microsoft.NET\Framework\v2.0.50727\System.Data.xml'. The last entry will be used.
Info: CopyFromIndexComponent: Searching for files that match 'D:\Dierenasiel1\OpdrachtDierenasiel1\Help\Working\OpdrachtDierenasiel1.xml'.
Info: CopyFromIndexComponent: Indexed 75485 elements in 66 files.
Info: ForEachComponent: Instantiating component.
Info: ForEachComponent: Loading subcomponents.
Info: IfThenComponent: Instantiating component.
Info: CopyFromIndexComponent: Instantiating component.
Info: CopyFromIndexComponent: Instantiating component.
Info: ForEachComponent: Loaded 2 subcomponents.
Info: CopyFromIndexComponent: Instantiating component.
Info: ShowMissingComponent: Instantiating component.
Info: ShowMissingComponent: 
    [Sandcastle Help File Builder Components, version 1.6.0.4]
    Show Missing Documentation Component. Copyright c 2006-2008, Eric Woodruff, All Rights Reserved
    http://www.codeplex.com/SHFB
Info: VersionInfoComponent: Instantiating component.
Info: VersionInfoComponent: 
    [Sandcastle Help File Builder Components, version 1.6.0.4]
    Version Information Component. Copyright c 2006-2008, Eric Woodruff, All Rights Reserved
    http://www.codeplex.com/SHFB
Info: CodeBlockComponent: Instantiating component.
Info: CodeBlockComponent: 
    [Sandcastle Help File Builder Components, version 1.6.0.4]
    Code Block Component. Copyright c 2006-2008, Eric Woodruff, All Rights Reserved.
    Portions copyright (c) 2003, Jonathan de Halleux, All rights reserved.
    http://www.codeplex.com/SHFB
Info: TransformComponent: Instantiating component.
Info: PostTransformComponent: Instantiating component.
Info: PostTransformComponent: 
    [Sandcastle Help File Builder Components, version 1.6.0.4]
    Post-Transform Component. Copyright c 2006-2008, Eric Woodruff, All Rights Reserved
    http://www.codeplex.com/SHFB
Info: SharedContentComponent: Instantiating component.
Info: SharedContentComponent: Searching for files that match 'C:\Program Files\Sandcastle\Presentation\vs2005\content\shared_content.xml'.
Info: SharedContentComponent: Loading shared content file 'C:\Program Files\Sandcastle\Presentation\vs2005\content\shared_content.xml'.
Info: SharedContentComponent: Found 1 files in C:\Program Files\Sandcastle\Presentation\vs2005\content\shared_content.xml.
Info: SharedContentComponent: Searching for files that match 'C:\Program Files\Sandcastle\Presentation\vs2005\content\reference_content.xml'.
Info: SharedContentComponent: Loading shared content file 'C:\Program Files\Sandcastle\Presentation\vs2005\content\reference_content.xml'.
Info: SharedContentComponent: Found 1 files in C:\Program Files\Sandcastle\Presentation\vs2005\content\reference_content.xml.
Info: SharedContentComponent: Searching for files that match 'C:\Program Files\Sandcastle\Presentation\shared\content\syntax_content.xml'.
Info: SharedContentComponent: Loading shared content file 'C:\Program Files\Sandcastle\Presentation\shared\content\syntax_content.xml'.
Info: SharedContentComponent: Found 1 files in C:\Program Files\Sandcastle\Presentation\shared\content\syntax_content.xml.
Info: SharedContentComponent: Searching for files that match 'C:\Program Files\Sandcastle\Presentation\vs2005\content\feedback_content.xml'.
Info: SharedContentComponent: Loading shared content file 'C:\Program Files\Sandcastle\Presentation\vs2005\content\feedBack_content.xml'.
Info: SharedContentComponent: Found 1 files in C:\Program Files\Sandcastle\Presentation\vs2005\content\feedback_content.xml.
Info: SharedContentComponent: Searching for files that match 'SharedBuilderContent.xml'.
Info: SharedContentComponent: Loading shared content file 'D:\Dierenasiel1\OpdrachtDierenasiel1\Help\Working\SharedBuilderContent.xml'.
Info: SharedContentComponent: Overriding shared content item 'roottopictitle' with value in file 'D:\Dierenasiel1\OpdrachtDierenasiel1\Help\Working\SharedBuilderContent.xml'.
Info: SharedContentComponent: Overriding shared content item 'rootlink' with value in file 'D:\Dierenasiel1\OpdrachtDierenasiel1\Help\Working\SharedBuilderContent.xml'.
Info: SharedContentComponent: Overriding shared content item 'runningheadertext' with value in file 'D:\Dierenasiel1\OpdrachtDierenasiel1\Help\Working\SharedBuilderContent.xml'.
Info: SharedContentComponent: Overriding shared content item 'locationinformation' with value in file 'D:\Dierenasiel1\OpdrachtDierenasiel1\Help\Working\SharedBuilderContent.xml'.
Info: SharedContentComponent: Overriding shared content item 'assemblynameandmodule' with value in file 'D:\Dierenasiel1\OpdrachtDierenasiel1\Help\Working\SharedBuilderContent.xml'.
Info: SharedContentComponent: Overriding shared content item 'copycode' with value in file 'D:\Dierenasiel1\OpdrachtDierenasiel1\Help\Working\SharedBuilderContent.xml'.
Info: SharedContentComponent: Overriding shared content item 'locale' with value in file 'D:\Dierenasiel1\OpdrachtDierenasiel1\Help\Working\SharedBuilderContent.xml'.
Info: SharedContentComponent: Found 1 files in SharedBuilderContent.xml.
Info: SharedContentComponent: Searching for files that match 'PresentationStyleBuilderContent.xml'.
Info: SharedContentComponent: Loading shared content file 'D:\Dierenasiel1\OpdrachtDierenasiel1\Help\Working\PresentationStyleBuilderContent.xml'.
Info: SharedContentComponent: Overriding shared content item 'header' with value in file 'D:\Dierenasiel1\OpdrachtDierenasiel1\Help\Working\PresentationStyleBuilderContent.xml'.
Info: SharedContentComponent: Overriding shared content item 'footer' with value in file 'D:\Dierenasiel1\OpdrachtDierenasiel1\Help\Working\PresentationStyleBuilderContent.xml'.
Info: SharedContentComponent: Overriding shared content item 'fb_alias' with value in file 'D:\Dierenasiel1\OpdrachtDierenasiel1\Help\Working\PresentationStyleBuilderContent.xml'.
Info: SharedContentComponent: Overriding shared content item 'fb_product' with value in file 'D:\Dierenasiel1\OpdrachtDierenasiel1\Help\Working\PresentationStyleBuilderContent.xml'.
Info: SharedContentComponent: Overriding shared content item 'fb_body' with value in file 'D:\Dierenasiel1\OpdrachtDierenasiel1\Help\Working\PresentationStyleBuilderContent.xml'.
Info: SharedContentComponent: Overriding shared content item 'fb_send' with value in file 'D:\Dierenasiel1\OpdrachtDierenasiel1\Help\Working\PresentationStyleBuilderContent.xml'.
Info: SharedContentComponent: Overriding shared content item 'fb_headerfeedback' with value in file 'D:\Dierenasiel1\OpdrachtDierenasiel1\Help\Working\PresentationStyleBuilderContent.xml'.
Info: SharedContentComponent: Overriding shared content item 'feedback_alias' with value in file 'D:\Dierenasiel1\OpdrachtDierenasiel1\Help\Working\PresentationStyleBuilderContent.xml'.
Info: SharedContentComponent: Overriding shared content item 'feedback_product' with value in file 'D:\Dierenasiel1\OpdrachtDierenasiel1\Help\Working\PresentationStyleBuilderContent.xml'.
Info: SharedContentComponent: Overriding shared content item 'feedback_body' with value in file 'D:\Dierenasiel1\OpdrachtDierenasiel1\Help\Working\PresentationStyleBuilderContent.xml'.
Info: SharedContentComponent: Found 1 files in PresentationStyleBuilderContent.xml.
Info: SharedContentComponent: Loaded 561 shared content items.
Info: ResolveReferenceLinksComponent2: Instantiating component.
Info: ResolveReferenceLinksComponent2: Searching directory 'C:\Program Files\Sandcastle\Data\Reflection' for targets files of the form '*.xml'.
Info: ResolveReferenceLinksComponent2: Searching directory 'D:\Dierenasiel1\OpdrachtDierenasiel1\Help\Working' for targets files of the form 'reflection.xml'.
Info: ResolveReferenceLinksComponent2: Loaded 170135 reference targets.
Info: SaveComponent: Instantiating component.
Info: BuildAssembler: Building topic N:OpdrachtDierenasiel1
Info: BuildAssembler: Building topic T:OpdrachtDierenasiel1.FormDierenasiel
Info: BuildAssembler: Building topic AllMembers.T:OpdrachtDierenasiel1.FormDierenasiel
Info: BuildAssembler: Building topic Methods.T:OpdrachtDierenasiel1.FormDierenasiel
Info: BuildAssembler: Building topic Overload:OpdrachtDierenasiel1.FormDierenasiel.Dispose
Info: BuildAssembler: Building topic Overload:OpdrachtDierenasiel1.FormDierenasiel.Select
Info: BuildAssembler: Building topic Overload:OpdrachtDierenasiel1.FormDierenasiel.Show
Info: BuildAssembler: Building topic Overload:OpdrachtDierenasiel1.FormDierenasiel.ShowDialog
Info: BuildAssembler: Building topic Overload:OpdrachtDierenasiel1.FormDierenasiel.ValidateChildren
Info: BuildAssembler: Building topic Overload:OpdrachtDierenasiel1.FormDierenasiel.Validate
Info: BuildAssembler: Building topic Overload:OpdrachtDierenasiel1.FormDierenasiel.AccessibilityNotifyClients
Info: BuildAssembler: Building topic Overload:OpdrachtDierenasiel1.FormDierenasiel.BeginInvoke
Info: BuildAssembler: Building topic Overload:OpdrachtDierenasiel1.FormDierenasiel.GetChildAtPoint
Info: BuildAssembler: Building topic Overload:OpdrachtDierenasiel1.FormDierenasiel.Invalidate
Info: BuildAssembler: Building topic Overload:OpdrachtDierenasiel1.FormDierenasiel.Invoke
Info: BuildAssembler: Building topic Overload:OpdrachtDierenasiel1.FormDierenasiel.PerformLayout
Info: BuildAssembler: Building topic Overload:OpdrachtDierenasiel1.FormDierenasiel.ResumeLayout
Info: BuildAssembler: Building topic Overload:OpdrachtDierenasiel1.FormDierenasiel.Scale
Info: BuildAssembler: Building topic Overload:OpdrachtDierenasiel1.FormDierenasiel.SetBounds
Info: BuildAssembler: Building topic Overload:OpdrachtDierenasiel1.FormDierenasiel.RtlTranslateAlignment
Info: BuildAssembler: Building topic Overload:OpdrachtDierenasiel1.FormDierenasiel.UpdateBounds
Info: BuildAssembler: Building topic Overload:OpdrachtDierenasiel1.FormDierenasiel.MemberwiseClone
Info: BuildAssembler: Building topic M:OpdrachtDierenasiel1.FormDierenasiel.#ctor
Info: BuildAssembler: Building topic M:OpdrachtDierenasiel1.FormDierenasiel.Dispose(System.Boolean)
Info: BuildAssembler: Building topic T:OpdrachtDierenasiel1.Hond
Info: BuildAssembler: Building topic AllMembers.T:OpdrachtDierenasiel1.Hond
Info: BuildAssembler: Building topic Methods.T:OpdrachtDierenasiel1.Hond
Info: BuildAssembler: Building topic M:OpdrachtDierenasiel1.Hond.#ctor(System.String,System.Int32,System.String,System.Boolean)
Info: BuildAssembler: Building topic M:OpdrachtDierenasiel1.Hond.GetInfo
Info: BuildAssembler: Building topic T:OpdrachtDierenasiel1.Huisdier
Info: BuildAssembler: Building topic AllMembers.T:OpdrachtDierenasiel1.Huisdier
Info: BuildAssembler: Building topic Methods.T:OpdrachtDierenasiel1.Huisdier
Info: BuildAssembler: Building topic Properties.T:OpdrachtDierenasiel1.Huisdier
Info: BuildAssembler: Building topic Overload:OpdrachtDierenasiel1.Huisdier.#ctor
Info: BuildAssembler: Building topic M:OpdrachtDierenasiel1.Huisdier.#ctor
Info: BuildAssembler: Building topic M:OpdrachtDierenasiel1.Huisdier.#ctor(System.String,System.Int32,System.String,System.Boolean)
Info: BuildAssembler: Building topic P:OpdrachtDierenasiel1.Huisdier.Chipnummer
Info: BuildAssembler: Building topic P:OpdrachtDierenasiel1.Huisdier.Geboortejaar
Info: BuildAssembler: Building topic M:OpdrachtDierenasiel1.Huisdier.GetInfo
Info: BuildAssembler: Building topic T:OpdrachtDierenasiel1.Kat
Info: BuildAssembler: Building topic AllMembers.T:OpdrachtDierenasiel1.Kat
Info: BuildAssembler: Building topic Methods.T:OpdrachtDierenasiel1.Kat
Info: BuildAssembler: Building topic M:OpdrachtDierenasiel1.Kat.#ctor(System.String,System.Int32,System.String,System.Boolean,System.String)
Info: BuildAssembler: Building topic M:OpdrachtDierenasiel1.Kat.GetInfo
Info: Processed 44 topics
    Last step completed in 00:00:56.1218
-------------------------------
Generating intermediate table of content file...
[D:\Dierenasiel1\OpdrachtDierenasiel1\Help\Working\GenerateIntermediateTOC.bat]
XslTransform (v2.4.10111.0)
Copyright c Microsoft 2005-2006
Info: Applying XSL transformation 'C:\Program Files\Sandcastle\ProductionTransforms\CreateVSToc.xsl'.
    Last step completed in 00:00:02.8592
-------------------------------
Generating HTML Help 1.x table of content file...
[D:\Dierenasiel1\OpdrachtDierenasiel1\Help\Working\Generate1xTOC.bat]
XslTransform (v2.4.10111.0)
Copyright c Microsoft 2005-2006
Info: Applying XSL transformation 'C:\Program Files\Sandcastle\ProductionTransforms\TocToChmContents.xsl'.
    Last step completed in 00:00:02.0468
Updating table of content with additional content items and determining default topic...
    Last step completed in 00:00:00.0312
-------------------------------
Generating HTML Help 1.x index file...
[D:\Dierenasiel1\OpdrachtDierenasiel1\Help\Working\Generate1xIndex.bat]
XslTransform (v2.4.10111.0)
Copyright c Microsoft 2005-2006
Info: Applying XSL transformation 'C:\Program Files\Sandcastle\ProductionTransforms\ReflectionToChmIndex.xsl'.
    Last step completed in 00:00:01.2656
-------------------------------
Generating HTML Help 1.x project file...
    Last step completed in 00:00:00.1406
-------------------------------
Compiling HTML Help 1.x file...
[D:\Dierenasiel1\OpdrachtDierenasiel1\Help\Working\Build1xHelpFile.bat]
Microsoft HTML Help Compiler 4.74.8702



Compiling d:\Dierenasiel1\OpdrachtDierenasiel1\Help\Working\Output\Help_bij_Dierelasiel1.chm





Compile time: 0 minutes, 3 seconds

46	Topics

400	Local links

0	Internet links

0	Graphics





Created d:\Dierenasiel1\OpdrachtDierenasiel1\Help\Working\Output\Help_bij_Dierelasiel1.chm, 191,009 bytes

Compression decreased file by 846,344 bytes.

    Last step completed in 00:00:05.2497
Removing intermediate files...
    Last step completed in 00:00:00.2031


Build completed successfully.  Total time: 00:01:15.5894

